2024-06-13 17:17:28,444.consumer_bag.INFO ==================================================
2024-06-13 17:17:28,444.consumer_bag.INFO Today is 2024-06-13 at 05:17 PM
2024-06-13 17:17:28,445.consumer_bag.INFO Running on: nt Windows 11
2024-06-13 17:17:28,445.consumer_bag.INFO Python version:  3.12.1
2024-06-13 17:17:28,445.consumer_bag.INFO Python path: C:\Users\berek\AppData\Local\Programs\Python\Python312
2024-06-13 17:17:28,446.consumer_bag.INFO Working dir: C:\Users\berek\OneDrive\Desktop\Streaming_07_Finial_Project
2024-06-13 17:17:28,446.consumer_bag.INFO ==================================================
2024-06-13 17:17:28,506.consumer_bag.INFO  [*] Waiting for messages. To exit press CTRL+C
2024-06-13 17:17:30,206.consumer_bag.INFO Received baggage data: ('William Lee', 'BG5473', 'Delivered')
2024-06-13 17:17:30,206.consumer_bag.INFO  [alert] BG5473 => BAGGAGE FOR: William Lee is Delivered!!!
2024-06-13 17:17:32,210.consumer_bag.INFO Received baggage data: ('Patricia Irwin', 'BG8383', 'Checked-in')
2024-06-13 17:17:34,220.consumer_bag.INFO Received baggage data: ('Barbara Dominguez', 'BG6455', 'Checked-in')
2024-06-13 17:17:36,315.consumer_bag.INFO Received baggage data: ('Erica Dominguez', 'BG6961', 'Checked-in')
2024-06-13 17:17:38,337.consumer_bag.INFO Received baggage data: ('Todd Ward', 'BG4397', 'Checked-in')
2024-06-13 17:17:40,341.consumer_bag.INFO Received baggage data: ('Stephanie Woods', 'BG4976', 'Delivered')
2024-06-13 17:17:40,342.consumer_bag.INFO  [alert] BG4976 => BAGGAGE FOR: Stephanie Woods is Delivered!!!
2024-06-13 17:17:42,345.consumer_bag.INFO Received baggage data: ('Christina Fowler', 'BG0812', 'Checked-in')
2024-06-13 17:17:44,350.consumer_bag.INFO Received baggage data: ('Audrey Mora', 'BG8100', 'Loaded')
2024-06-13 17:17:46,357.consumer_bag.INFO Received baggage data: ('Jon Smith', 'BG5500', 'Checked-in')
2024-06-13 17:17:48,361.consumer_bag.INFO Received baggage data: ('Kimberly Mccarthy', 'BG4306', 'Loaded')
2024-06-13 17:17:50,367.consumer_bag.INFO Received baggage data: ('Phillip Estrada', 'BG0605', 'Delivered')
2024-06-13 17:17:50,368.consumer_bag.INFO  [alert] BG0605 => BAGGAGE FOR: Phillip Estrada is Delivered!!!
2024-06-13 17:17:52,369.consumer_bag.INFO Received baggage data: ('Jason Martinez', 'BG4695', 'Loaded')
2024-06-13 17:17:54,372.consumer_bag.INFO Received baggage data: ('Jamie Sanders', 'BG7522', 'Loaded')
2024-06-13 17:17:56,373.consumer_bag.INFO Received baggage data: ('Jennifer Smith', 'BG3804', 'Checked-in')
2024-06-13 17:17:58,378.consumer_bag.INFO Received baggage data: ('Mary Lee', 'BG2483', 'Delivered')
2024-06-13 17:17:58,379.consumer_bag.INFO  [alert] BG2483 => BAGGAGE FOR: Mary Lee is Delivered!!!
2024-06-13 17:18:00,379.consumer_bag.INFO Received baggage data: ('Alan Anderson', 'BG0333', 'Loaded')
2024-06-13 17:18:02,383.consumer_bag.INFO Received baggage data: ('Jeffery Lewis', 'BG6877', 'Delivered')
2024-06-13 17:18:02,383.consumer_bag.INFO  [alert] BG6877 => BAGGAGE FOR: Jeffery Lewis is Delivered!!!
2024-06-13 17:18:04,386.consumer_bag.INFO Received baggage data: ('Kevin Fletcher', 'BG5977', 'Checked-in')
2024-06-13 17:18:06,397.consumer_bag.INFO Received baggage data: ('Lori Hodge', 'BG7121', 'Checked-in')
2024-06-13 17:18:08,405.consumer_bag.INFO Received baggage data: ('Morgan Morales', 'BG6147', 'Loaded')
2024-06-13 17:18:10,407.consumer_bag.INFO Received baggage data: ('Cheryl Simmons', 'BG3728', 'Unloaded')
2024-06-13 17:18:12,416.consumer_bag.INFO Received baggage data: ('Riley Anderson', 'BG1687', 'Unloaded')
2024-06-13 17:18:14,422.consumer_bag.INFO Received baggage data: ('Shannon Gregory', 'BG3876', 'Delivered')
2024-06-13 17:18:14,422.consumer_bag.INFO  [alert] BG3876 => BAGGAGE FOR: Shannon Gregory is Delivered!!!
2024-06-13 17:18:16,426.consumer_bag.INFO Received baggage data: ('Jeremy Nixon', 'BG5522', 'Delivered')
2024-06-13 17:18:16,427.consumer_bag.INFO  [alert] BG5522 => BAGGAGE FOR: Jeremy Nixon is Delivered!!!
2024-06-13 17:18:18,430.consumer_bag.INFO Received baggage data: ('Mark Oliver', 'BG7421', 'Delivered')
2024-06-13 17:18:18,431.consumer_bag.INFO  [alert] BG7421 => BAGGAGE FOR: Mark Oliver is Delivered!!!
2024-06-13 17:18:20,436.consumer_bag.INFO Received baggage data: ('Trevor Ward', 'BG9464', 'Delivered')
2024-06-13 17:18:20,437.consumer_bag.INFO  [alert] BG9464 => BAGGAGE FOR: Trevor Ward is Delivered!!!
2024-06-13 17:18:22,442.consumer_bag.INFO Received baggage data: ('Dr. Isaiah Porter', 'BG6676', 'Delivered')
2024-06-13 17:18:22,443.consumer_bag.INFO  [alert] BG6676 => BAGGAGE FOR: Dr. Isaiah Porter is Delivered!!!
2024-06-13 17:18:24,446.consumer_bag.INFO Received baggage data: ('Craig Nelson', 'BG4669', 'Unloaded')
2024-06-13 17:18:26,452.consumer_bag.INFO Received baggage data: ('David Patterson', 'BG1153', 'Unloaded')
2024-06-13 17:18:28,458.consumer_bag.INFO Received baggage data: ('Scott Horton', 'BG0188', 'Delivered')
2024-06-13 17:18:28,458.consumer_bag.INFO  [alert] BG0188 => BAGGAGE FOR: Scott Horton is Delivered!!!
2024-06-13 17:18:30,461.consumer_bag.INFO Received baggage data: ('Kristine Harper', 'BG3590', 'Checked-in')
2024-06-13 17:18:32,467.consumer_bag.INFO Received baggage data: ('Pamela Anderson', 'BG6686', 'Loaded')
2024-06-13 17:18:34,473.consumer_bag.INFO Received baggage data: ('Perry Watson', 'BG0465', 'Loaded')
2024-06-13 17:18:36,476.consumer_bag.INFO Received baggage data: ('Lori Nichols', 'BG1541', 'Loaded')
2024-06-13 17:18:38,484.consumer_bag.INFO Received baggage data: ('James Rodriguez MD', 'BG2411', 'Delivered')
2024-06-13 17:18:38,485.consumer_bag.INFO  [alert] BG2411 => BAGGAGE FOR: James Rodriguez MD is Delivered!!!
2024-06-13 17:18:40,486.consumer_bag.INFO Received baggage data: ('Daniel Johnson', 'BG3638', 'Unloaded')
2024-06-13 17:18:42,493.consumer_bag.INFO Received baggage data: ('Benjamin Wilson', 'BG8027', 'Loaded')
2024-06-13 17:18:44,501.consumer_bag.INFO Received baggage data: ('Alexis Walker', 'BG5741', 'Delivered')
2024-06-13 17:18:44,502.consumer_bag.INFO  [alert] BG5741 => BAGGAGE FOR: Alexis Walker is Delivered!!!
2024-06-13 17:18:46,509.consumer_bag.INFO Received baggage data: ('Julia Garcia', 'BG5915', 'Loaded')
2024-06-13 17:18:48,518.consumer_bag.INFO Received baggage data: ('Jaime Garcia', 'BG4414', 'Loaded')
2024-06-13 17:18:50,519.consumer_bag.INFO Received baggage data: ('Robert Wang', 'BG1905', 'Delivered')
2024-06-13 17:18:50,521.consumer_bag.INFO  [alert] BG1905 => BAGGAGE FOR: Robert Wang is Delivered!!!
2024-06-13 17:18:52,523.consumer_bag.INFO Received baggage data: ('Jennifer Carter', 'BG9521', 'Delivered')
2024-06-13 17:18:52,524.consumer_bag.INFO  [alert] BG9521 => BAGGAGE FOR: Jennifer Carter is Delivered!!!
2024-06-13 17:18:54,538.consumer_bag.INFO Received baggage data: ('Amanda Rodriguez', 'BG6900', 'Delivered')
2024-06-13 17:18:54,540.consumer_bag.INFO  [alert] BG6900 => BAGGAGE FOR: Amanda Rodriguez is Delivered!!!
2024-06-13 17:18:56,634.consumer_bag.INFO Received baggage data: ('Kendra Carpenter', 'BG5996', 'Checked-in')
2024-06-13 17:18:58,640.consumer_bag.INFO Received baggage data: ('Timothy Cervantes', 'BG0770', 'Loaded')
2024-06-13 17:19:00,650.consumer_bag.INFO Received baggage data: ('Tracy Romero', 'BG0251', 'Delivered')
2024-06-13 17:19:00,653.consumer_bag.INFO  [alert] BG0251 => BAGGAGE FOR: Tracy Romero is Delivered!!!
2024-06-13 17:19:02,655.consumer_bag.INFO Received baggage data: ('Ms. Makayla Wagner', 'BG4800', 'Loaded')
2024-06-13 17:19:04,657.consumer_bag.INFO Received baggage data: ('James Owens', 'BG1652', 'Loaded')
2024-06-13 17:19:06,661.consumer_bag.INFO Received baggage data: ('Daniel Allen', 'BG9046', 'Delivered')
2024-06-13 17:19:06,662.consumer_bag.INFO  [alert] BG9046 => BAGGAGE FOR: Daniel Allen is Delivered!!!
2024-06-13 17:19:08,667.consumer_bag.INFO Received baggage data: ('Stephanie Peters', 'BG2579', 'Delivered')
2024-06-13 17:19:08,709.consumer_bag.INFO  [alert] BG2579 => BAGGAGE FOR: Stephanie Peters is Delivered!!!
2024-06-13 17:19:10,701.consumer_bag.INFO Received baggage data: ('Patricia Cabrera', 'BG4941', 'Unloaded')
2024-06-13 17:19:12,705.consumer_bag.INFO Received baggage data: ('Rachel Allen', 'BG8390', 'Unloaded')
2024-06-13 17:19:14,709.consumer_bag.INFO Received baggage data: ('Kenneth Turner', 'BG0568', 'Delivered')
2024-06-13 17:19:14,709.consumer_bag.INFO  [alert] BG0568 => BAGGAGE FOR: Kenneth Turner is Delivered!!!
2024-06-13 17:19:16,717.consumer_bag.INFO Received baggage data: ('Jonathan Santiago', 'BG4342', 'Unloaded')
2024-06-13 17:19:18,718.consumer_bag.INFO Received baggage data: ('Teresa Miller', 'BG3536', 'Loaded')
2024-06-13 17:19:20,721.consumer_bag.INFO Received baggage data: ('Christopher Gonzales', 'BG9075', 'Unloaded')
2024-06-13 17:19:22,726.consumer_bag.INFO Received baggage data: ('Alexis Lewis', 'BG2008', 'Checked-in')
2024-06-13 17:19:24,729.consumer_bag.INFO Received baggage data: ('Melissa Foley', 'BG6141', 'Checked-in')
2024-06-13 17:19:26,741.consumer_bag.INFO Received baggage data: ('Sarah Ramirez', 'BG8663', 'Delivered')
2024-06-13 17:19:26,741.consumer_bag.INFO  [alert] BG8663 => BAGGAGE FOR: Sarah Ramirez is Delivered!!!
2024-06-13 17:19:28,741.consumer_bag.INFO Received baggage data: ('Richard Hansen', 'BG8768', 'Delivered')
2024-06-13 17:19:28,742.consumer_bag.INFO  [alert] BG8768 => BAGGAGE FOR: Richard Hansen is Delivered!!!
2024-06-13 17:19:30,746.consumer_bag.INFO Received baggage data: ('Dana Gray', 'BG7590', 'Unloaded')
2024-06-13 17:19:32,752.consumer_bag.INFO Received baggage data: ('Breanna Collins', 'BG9625', 'Checked-in')
2024-06-13 17:19:34,755.consumer_bag.INFO Received baggage data: ('Rebecca Cortez', 'BG1113', 'Loaded')
2024-06-13 17:19:36,757.consumer_bag.INFO Received baggage data: ('Michael Gould', 'BG9833', 'Loaded')
2024-06-13 17:19:38,760.consumer_bag.INFO Received baggage data: ('Mr. David Morgan', 'BG9719', 'Delivered')
2024-06-13 17:19:38,760.consumer_bag.INFO  [alert] BG9719 => BAGGAGE FOR: Mr. David Morgan is Delivered!!!
2024-06-13 17:19:40,767.consumer_bag.INFO Received baggage data: ('Gina Johnston', 'BG7643', 'Loaded')
2024-06-13 17:19:42,774.consumer_bag.INFO Received baggage data: ('Michelle Dunlap', 'BG7322', 'Unloaded')
2024-06-13 17:19:44,777.consumer_bag.INFO Received baggage data: ('Mr. Bryan Foster MD', 'BG2822', 'Unloaded')
2024-06-13 17:19:46,784.consumer_bag.INFO Received baggage data: ('Christopher Mendez', 'BG3014', 'Delivered')
2024-06-13 17:19:46,785.consumer_bag.INFO  [alert] BG3014 => BAGGAGE FOR: Christopher Mendez is Delivered!!!
2024-06-13 17:19:48,789.consumer_bag.INFO Received baggage data: ('Rebecca Cross', 'BG4989', 'Unloaded')
2024-06-13 17:19:50,795.consumer_bag.INFO Received baggage data: ('Eric Simon', 'BG6451', 'Checked-in')
2024-06-13 17:19:52,804.consumer_bag.INFO Received baggage data: ('Rebecca Faulkner', 'BG7175', 'Delivered')
2024-06-13 17:19:52,805.consumer_bag.INFO  [alert] BG7175 => BAGGAGE FOR: Rebecca Faulkner is Delivered!!!
2024-06-13 17:19:54,813.consumer_bag.INFO Received baggage data: ('Stacy Greene', 'BG6787', 'Loaded')
2024-06-13 17:19:56,825.consumer_bag.INFO Received baggage data: ('Vickie Leonard', 'BG0119', 'Checked-in')
2024-06-13 17:19:58,837.consumer_bag.INFO Received baggage data: ('Bruce Kennedy', 'BG6920', 'Loaded')
2024-06-13 17:20:00,976.consumer_bag.INFO Received baggage data: ('Christine Jones', 'BG2764', 'Checked-in')
2024-06-13 17:20:02,979.consumer_bag.INFO Received baggage data: ('Christina Camacho', 'BG2208', 'Unloaded')
2024-06-13 17:20:04,989.consumer_bag.INFO Received baggage data: ('Tommy Roberts', 'BG4901', 'Unloaded')
2024-06-13 17:20:06,993.consumer_bag.INFO Received baggage data: ('Yvette Mcclain', 'BG8545', 'Checked-in')
2024-06-13 17:20:09,001.consumer_bag.INFO Received baggage data: ('Christine Burch', 'BG2109', 'Unloaded')
2024-06-13 17:20:11,003.consumer_bag.INFO Received baggage data: ('Laurie Pena', 'BG6062', 'Unloaded')
2024-06-13 17:20:13,008.consumer_bag.INFO Received baggage data: ('Brent Freeman', 'BG3092', 'Loaded')
2024-06-13 17:20:15,014.consumer_bag.INFO Received baggage data: ('James Schaefer', 'BG9813', 'Unloaded')
2024-06-13 17:20:17,021.consumer_bag.INFO Received baggage data: ('Rachel Goodman', 'BG3408', 'Unloaded')
2024-06-13 17:20:19,025.consumer_bag.INFO Received baggage data: ('Eric Moore', 'BG4654', 'Checked-in')
2024-06-13 17:20:21,030.consumer_bag.INFO Received baggage data: ('Megan Brown', 'BG4366', 'Checked-in')
2024-06-13 17:20:23,038.consumer_bag.INFO Received baggage data: ('Lee Bell', 'BG2848', 'Unloaded')
2024-06-13 17:20:25,041.consumer_bag.INFO Received baggage data: ('Colleen Shaw', 'BG6834', 'Delivered')
2024-06-13 17:20:25,043.consumer_bag.INFO  [alert] BG6834 => BAGGAGE FOR: Colleen Shaw is Delivered!!!
2024-06-13 17:20:27,043.consumer_bag.INFO Received baggage data: ('Vanessa Barrera', 'BG9333', 'Checked-in')
2024-06-13 17:20:29,048.consumer_bag.INFO Received baggage data: ('Michael Johnston', 'BG4124', 'Checked-in')
2024-06-13 17:20:31,055.consumer_bag.INFO Received baggage data: ('Jennifer Brooks', 'BG9075', 'Unloaded')
2024-06-13 17:20:33,064.consumer_bag.INFO Received baggage data: ('Barbara Fox', 'BG9900', 'Unloaded')
2024-06-13 17:20:35,071.consumer_bag.INFO Received baggage data: ('Kaitlin Thomas', 'BG8185', 'Checked-in')
2024-06-13 17:20:37,076.consumer_bag.INFO Received baggage data: ('Ricky Wolf', 'BG2051', 'Loaded')
2024-06-13 17:20:39,084.consumer_bag.INFO Received baggage data: ('James Castillo', 'BG2855', 'Unloaded')
2024-06-13 17:20:41,093.consumer_bag.INFO Received baggage data: ('Matthew Hunt', 'BG2119', 'Loaded')
2024-06-13 17:20:43,100.consumer_bag.INFO Received baggage data: ('Jennifer Durham', 'BG2014', 'Delivered')
2024-06-13 17:20:43,101.consumer_bag.INFO  [alert] BG2014 => BAGGAGE FOR: Jennifer Durham is Delivered!!!
2024-06-13 17:20:45,106.consumer_bag.INFO Received baggage data: ('Daniel Zimmerman', 'BG5978', 'Unloaded')
2024-06-13 17:20:47,114.consumer_bag.INFO Received baggage data: ('Amanda Jones', 'BG7751', 'Loaded')
2024-06-13 17:20:49,130.consumer_bag.INFO Received baggage data: ('Michael Carroll', 'BG9332', 'Loaded')
2024-06-13 17:20:51,143.consumer_bag.INFO Received baggage data: ('Mr. Michael Webb II', 'BG6690', 'Unloaded')
2024-06-13 17:20:53,184.consumer_bag.INFO Received baggage data: ('Melissa Roth', 'BG3984', 'Loaded')
2024-06-13 17:20:55,224.consumer_bag.INFO Received baggage data: ('Aaron Bradley', 'BG9038', 'Loaded')
2024-06-13 17:20:57,234.consumer_bag.INFO Received baggage data: ('Jonathon Wolfe', 'BG9264', 'Unloaded')
2024-06-13 17:20:59,310.consumer_bag.INFO Received baggage data: ('Christine Bryant', 'BG8764', 'Loaded')
2024-06-13 17:21:01,318.consumer_bag.INFO Received baggage data: ('Alexander Lewis', 'BG6151', 'Delivered')
2024-06-13 17:21:01,320.consumer_bag.INFO  [alert] BG6151 => BAGGAGE FOR: Alexander Lewis is Delivered!!!
2024-06-13 17:21:03,326.consumer_bag.INFO Received baggage data: ('Rebecca Merritt DVM', 'BG1033', 'Delivered')
2024-06-13 17:21:03,327.consumer_bag.INFO  [alert] BG1033 => BAGGAGE FOR: Rebecca Merritt DVM is Delivered!!!
2024-06-13 17:21:05,332.consumer_bag.INFO Received baggage data: ('Rebecca Li', 'BG1754', 'Unloaded')
2024-06-13 17:21:07,334.consumer_bag.INFO Received baggage data: ('Steven Cross', 'BG1027', 'Delivered')
2024-06-13 17:21:07,335.consumer_bag.INFO  [alert] BG1027 => BAGGAGE FOR: Steven Cross is Delivered!!!
2024-06-13 17:21:09,344.consumer_bag.INFO Received baggage data: ('Kimberly Medina', 'BG3756', 'Unloaded')
2024-06-13 17:21:11,364.consumer_bag.INFO Received baggage data: ('John Olson', 'BG7406', 'Unloaded')
2024-06-13 17:21:13,368.consumer_bag.INFO Received baggage data: ('James Freeman', 'BG9804', 'Delivered')
2024-06-13 17:21:13,369.consumer_bag.INFO  [alert] BG9804 => BAGGAGE FOR: James Freeman is Delivered!!!
2024-06-13 17:21:15,375.consumer_bag.INFO Received baggage data: ('Jessica Randolph', 'BG7252', 'Delivered')
2024-06-13 17:21:15,376.consumer_bag.INFO  [alert] BG7252 => BAGGAGE FOR: Jessica Randolph is Delivered!!!
2024-06-13 17:21:17,404.consumer_bag.INFO Received baggage data: ('Stephanie Nelson', 'BG6550', 'Delivered')
2024-06-13 17:21:17,407.consumer_bag.INFO  [alert] BG6550 => BAGGAGE FOR: Stephanie Nelson is Delivered!!!
2024-06-13 17:21:19,409.consumer_bag.INFO Received baggage data: ('Wanda Craig', 'BG7258', 'Checked-in')
2024-06-13 17:21:21,413.consumer_bag.INFO Received baggage data: ('Audrey Andrade', 'BG4176', 'Checked-in')
2024-06-13 17:21:23,419.consumer_bag.INFO Received baggage data: ('Lisa Curry', 'BG9056', 'Unloaded')
2024-06-13 17:21:25,422.consumer_bag.INFO Received baggage data: ('Dr. Frederick Kirk', 'BG9389', 'Loaded')
2024-06-13 17:21:27,424.consumer_bag.INFO Received baggage data: ('Tyler David', 'BG4484', 'Loaded')
2024-06-13 17:21:29,427.consumer_bag.INFO Received baggage data: ('William Gibson', 'BG8767', 'Loaded')
2024-06-13 17:21:31,432.consumer_bag.INFO Received baggage data: ('Richard Hoover', 'BG2734', 'Loaded')
2024-06-13 17:21:33,436.consumer_bag.INFO Received baggage data: ('Vanessa Chavez', 'BG4622', 'Checked-in')
2024-06-13 17:21:35,442.consumer_bag.INFO Received baggage data: ('Austin Bryant', 'BG9735', 'Loaded')
2024-06-13 17:21:37,448.consumer_bag.INFO Received baggage data: ('Pamela Martinez', 'BG2547', 'Unloaded')
2024-06-13 17:21:39,459.consumer_bag.INFO Received baggage data: ('Charles Jackson', 'BG9242', 'Checked-in')
2024-06-13 17:21:41,467.consumer_bag.INFO Received baggage data: ('Joseph Paul', 'BG9930', 'Checked-in')
2024-06-13 17:21:43,473.consumer_bag.INFO Received baggage data: ('Jessica Padilla', 'BG1232', 'Delivered')
2024-06-13 17:21:43,474.consumer_bag.INFO  [alert] BG1232 => BAGGAGE FOR: Jessica Padilla is Delivered!!!
2024-06-13 17:21:45,480.consumer_bag.INFO Received baggage data: ('Ashley Smith', 'BG3230', 'Loaded')
2024-06-13 17:21:47,551.consumer_bag.INFO Received baggage data: ('David Thompson', 'BG1330', 'Checked-in')
2024-06-13 17:21:49,560.consumer_bag.INFO Received baggage data: ('Lisa Turner', 'BG3537', 'Checked-in')
2024-06-13 17:21:51,563.consumer_bag.INFO Received baggage data: ('Matthew Williams', 'BG7863', 'Checked-in')
2024-06-13 17:21:53,572.consumer_bag.INFO Received baggage data: ('Mary Johnston', 'BG2926', 'Delivered')
2024-06-13 17:21:53,573.consumer_bag.INFO  [alert] BG2926 => BAGGAGE FOR: Mary Johnston is Delivered!!!
2024-06-13 17:21:55,578.consumer_bag.INFO Received baggage data: ('Melissa Reyes', 'BG0022', 'Delivered')
2024-06-13 17:21:55,580.consumer_bag.INFO  [alert] BG0022 => BAGGAGE FOR: Melissa Reyes is Delivered!!!
2024-06-13 17:21:57,581.consumer_bag.INFO Received baggage data: ('Brendan Bailey', 'BG0303', 'Delivered')
2024-06-13 17:21:57,582.consumer_bag.INFO  [alert] BG0303 => BAGGAGE FOR: Brendan Bailey is Delivered!!!
2024-06-13 17:21:59,587.consumer_bag.INFO Received baggage data: ('Douglas Castillo', 'BG5290', 'Loaded')
2024-06-13 17:22:01,591.consumer_bag.INFO Received baggage data: ('Ryan Bell', 'BG7757', 'Checked-in')
2024-06-13 17:22:03,598.consumer_bag.INFO Received baggage data: ('Regina Mann', 'BG2278', 'Delivered')
2024-06-13 17:22:03,599.consumer_bag.INFO  [alert] BG2278 => BAGGAGE FOR: Regina Mann is Delivered!!!
2024-06-13 17:22:05,604.consumer_bag.INFO Received baggage data: ('Isaac Bradley', 'BG8454', 'Checked-in')
2024-06-13 17:22:07,608.consumer_bag.INFO Received baggage data: ('Christopher Wells', 'BG0735', 'Loaded')
2024-06-13 17:22:09,618.consumer_bag.INFO Received baggage data: ('Melissa Russell', 'BG5684', 'Loaded')
2024-06-13 17:22:11,620.consumer_bag.INFO Received baggage data: ('Erik Kirby', 'BG3666', 'Checked-in')
2024-06-13 17:22:13,622.consumer_bag.INFO Received baggage data: ('Jennifer Anderson', 'BG8397', 'Checked-in')
2024-06-13 17:22:15,624.consumer_bag.INFO Received baggage data: ('Bradley Petty', 'BG5423', 'Checked-in')
2024-06-13 17:22:17,629.consumer_bag.INFO Received baggage data: ('Tamara Evans', 'BG0411', 'Unloaded')
2024-06-13 17:22:19,632.consumer_bag.INFO Received baggage data: ('Michael Alexander', 'BG4278', 'Loaded')
2024-06-13 17:22:21,637.consumer_bag.INFO Received baggage data: ('Andrew Evans', 'BG8791', 'Unloaded')
2024-06-13 17:22:23,642.consumer_bag.INFO Received baggage data: ('Matthew Walker', 'BG1078', 'Unloaded')
2024-06-13 17:22:25,649.consumer_bag.INFO Received baggage data: ('Sean Martinez', 'BG3131', 'Unloaded')
2024-06-13 17:22:27,658.consumer_bag.INFO Received baggage data: ('Cheryl Mccall', 'BG2603', 'Checked-in')
2024-06-13 17:22:29,659.consumer_bag.INFO Received baggage data: ('Brandon Mcdowell', 'BG8996', 'Delivered')
2024-06-13 17:22:29,659.consumer_bag.INFO  [alert] BG8996 => BAGGAGE FOR: Brandon Mcdowell is Delivered!!!
2024-06-13 17:22:31,666.consumer_bag.INFO Received baggage data: ('Jennifer Smith', 'BG2518', 'Loaded')
2024-06-13 17:22:33,667.consumer_bag.INFO Received baggage data: ('Kimberly Prince', 'BG1581', 'Loaded')
2024-06-13 17:22:35,674.consumer_bag.INFO Received baggage data: ('Matthew Salinas', 'BG5492', 'Unloaded')
2024-06-13 17:22:37,686.consumer_bag.INFO Received baggage data: ('Tyler Ford', 'BG0826', 'Unloaded')
2024-06-13 17:22:39,693.consumer_bag.INFO Received baggage data: ('Javier Ortiz', 'BG2084', 'Unloaded')
2024-06-13 17:22:41,700.consumer_bag.INFO Received baggage data: ('Teresa Ray', 'BG2724', 'Delivered')
2024-06-13 17:22:41,701.consumer_bag.INFO  [alert] BG2724 => BAGGAGE FOR: Teresa Ray is Delivered!!!
2024-06-13 17:22:43,701.consumer_bag.INFO Received baggage data: ('Dustin Hanson', 'BG8799', 'Checked-in')
2024-06-13 17:22:45,707.consumer_bag.INFO Received baggage data: ('Deborah Thomas', 'BG5328', 'Checked-in')
2024-06-13 17:22:47,725.consumer_bag.INFO Received baggage data: ('Laura Dunn', 'BG0608', 'Loaded')
2024-06-13 17:22:49,738.consumer_bag.INFO Received baggage data: ('Danielle Myers', 'BG6761', 'Delivered')
2024-06-13 17:22:49,739.consumer_bag.INFO  [alert] BG6761 => BAGGAGE FOR: Danielle Myers is Delivered!!!
2024-06-13 17:22:51,742.consumer_bag.INFO Received baggage data: ('Gina Mendoza', 'BG3513', 'Unloaded')
2024-06-13 17:22:53,751.consumer_bag.INFO Received baggage data: ('Keith Bean', 'BG3050', 'Delivered')
2024-06-13 17:22:53,751.consumer_bag.INFO  [alert] BG3050 => BAGGAGE FOR: Keith Bean is Delivered!!!
2024-06-13 17:22:55,765.consumer_bag.INFO Received baggage data: ('Justin Boone', 'BG6955', 'Unloaded')
2024-06-13 17:22:57,769.consumer_bag.INFO Received baggage data: ('Victor Hernandez', 'BG6458', 'Unloaded')
2024-06-13 17:22:59,805.consumer_bag.INFO Received baggage data: ('Arthur Robinson', 'BG4652', 'Loaded')
2024-06-13 17:23:01,811.consumer_bag.INFO Received baggage data: ('Christine Montgomery', 'BG0037', 'Delivered')
2024-06-13 17:23:01,812.consumer_bag.INFO  [alert] BG0037 => BAGGAGE FOR: Christine Montgomery is Delivered!!!
2024-06-13 17:23:03,816.consumer_bag.INFO Received baggage data: ('Anna York', 'BG6270', 'Delivered')
2024-06-13 17:23:03,817.consumer_bag.INFO  [alert] BG6270 => BAGGAGE FOR: Anna York is Delivered!!!
2024-06-13 17:23:05,820.consumer_bag.INFO Received baggage data: ('Margaret Ball', 'BG6041', 'Checked-in')
2024-06-13 17:23:07,825.consumer_bag.INFO Received baggage data: ('Ellen Simmons', 'BG8516', 'Unloaded')
2024-06-13 17:23:09,834.consumer_bag.INFO Received baggage data: ('Julie Dean', 'BG2742', 'Loaded')
2024-06-13 17:23:11,837.consumer_bag.INFO Received baggage data: ('Ronald Chan', 'BG0363', 'Loaded')
2024-06-13 17:23:13,842.consumer_bag.INFO Received baggage data: ('Crystal Blankenship', 'BG4678', 'Unloaded')
2024-06-13 17:23:15,844.consumer_bag.INFO Received baggage data: ('Carrie Galvan', 'BG0136', 'Loaded')
2024-06-13 17:23:17,848.consumer_bag.INFO Received baggage data: ('Victoria Rodriguez', 'BG6372', 'Unloaded')
2024-06-13 17:23:19,856.consumer_bag.INFO Received baggage data: ('Kerry Guzman', 'BG1854', 'Delivered')
2024-06-13 17:23:19,856.consumer_bag.INFO  [alert] BG1854 => BAGGAGE FOR: Kerry Guzman is Delivered!!!
2024-06-13 17:23:21,859.consumer_bag.INFO Received baggage data: ('Antonio Koch', 'BG0839', 'Checked-in')
2024-06-13 17:23:23,867.consumer_bag.INFO Received baggage data: ('John Zimmerman', 'BG5657', 'Loaded')
2024-06-13 17:23:25,872.consumer_bag.INFO Received baggage data: ('Karen Gonzalez', 'BG3011', 'Loaded')
2024-06-13 17:23:27,875.consumer_bag.INFO Received baggage data: ('Eric Haynes', 'BG6306', 'Checked-in')
2024-06-13 17:23:29,877.consumer_bag.INFO Received baggage data: ('Allison Brown', 'BG5030', 'Loaded')
2024-06-13 17:23:31,885.consumer_bag.INFO Received baggage data: ('Drew Brady', 'BG6074', 'Checked-in')
2024-06-13 17:23:33,893.consumer_bag.INFO Received baggage data: ('Ronald Kirk', 'BG9078', 'Delivered')
2024-06-13 17:23:33,893.consumer_bag.INFO  [alert] BG9078 => BAGGAGE FOR: Ronald Kirk is Delivered!!!
2024-06-13 17:23:35,897.consumer_bag.INFO Received baggage data: ('Stephanie Peters', 'BG7170', 'Checked-in')
2024-06-13 17:23:37,902.consumer_bag.INFO Received baggage data: ('Shelia Kennedy', 'BG1584', 'Loaded')
2024-06-13 17:23:39,904.consumer_bag.INFO Received baggage data: ('James Jackson', 'BG6644', 'Checked-in')
2024-06-13 17:23:41,914.consumer_bag.INFO Received baggage data: ('Susan Rose', 'BG6351', 'Unloaded')
2024-06-13 17:23:43,916.consumer_bag.INFO Received baggage data: ('Kimberly Bailey', 'BG9117', 'Delivered')
2024-06-13 17:23:43,917.consumer_bag.INFO  [alert] BG9117 => BAGGAGE FOR: Kimberly Bailey is Delivered!!!
2024-06-13 17:23:45,920.consumer_bag.INFO Received baggage data: ('Chelsey Harper', 'BG9128', 'Checked-in')
2024-06-13 17:23:47,927.consumer_bag.INFO Received baggage data: ('Martin Morrow', 'BG4040', 'Checked-in')
2024-06-13 17:23:49,970.consumer_bag.INFO Received baggage data: ('Shawn Thompson', 'BG2479', 'Delivered')
2024-06-13 17:23:49,970.consumer_bag.INFO  [alert] BG2479 => BAGGAGE FOR: Shawn Thompson is Delivered!!!
2024-06-13 17:23:51,974.consumer_bag.INFO Received baggage data: ('Riley Crane', 'BG4761', 'Delivered')
2024-06-13 17:23:51,976.consumer_bag.INFO  [alert] BG4761 => BAGGAGE FOR: Riley Crane is Delivered!!!
2024-06-13 17:23:53,979.consumer_bag.INFO Received baggage data: ('Jacob Johnson', 'BG5009', 'Loaded')
2024-06-13 17:23:55,983.consumer_bag.INFO Received baggage data: ('Kristopher Patterson', 'BG2142', 'Delivered')
2024-06-13 17:23:55,984.consumer_bag.INFO  [alert] BG2142 => BAGGAGE FOR: Kristopher Patterson is Delivered!!!
2024-06-13 17:23:57,989.consumer_bag.INFO Received baggage data: ('Carla Lopez', 'BG6598', 'Loaded')
2024-06-13 17:23:59,996.consumer_bag.INFO Received baggage data: ('Juan King', 'BG3255', 'Unloaded')
2024-06-13 17:24:02,012.consumer_bag.INFO Received baggage data: ('Ralph Garcia Jr.', 'BG0591', 'Delivered')
2024-06-13 17:24:02,013.consumer_bag.INFO  [alert] BG0591 => BAGGAGE FOR: Ralph Garcia Jr. is Delivered!!!
2024-06-13 17:24:04,038.consumer_bag.INFO Received baggage data: ('Sherry Thompson', 'BG3741', 'Loaded')
2024-06-13 17:24:06,044.consumer_bag.INFO Received baggage data: ('Jill Miller', 'BG8100', 'Unloaded')
2024-06-13 17:24:08,060.consumer_bag.INFO Received baggage data: ('Hector Stewart', 'BG8802', 'Loaded')
2024-06-13 17:24:10,069.consumer_bag.INFO Received baggage data: ('Jessica Reynolds', 'BG0145', 'Checked-in')
2024-06-13 17:24:12,075.consumer_bag.INFO Received baggage data: ('Bradley Anderson', 'BG2759', 'Delivered')
2024-06-13 17:24:12,076.consumer_bag.INFO  [alert] BG2759 => BAGGAGE FOR: Bradley Anderson is Delivered!!!
2024-06-13 17:24:14,083.consumer_bag.INFO Received baggage data: ('William Jones', 'BG8507', 'Delivered')
2024-06-13 17:24:14,083.consumer_bag.INFO  [alert] BG8507 => BAGGAGE FOR: William Jones is Delivered!!!
2024-06-13 17:24:16,090.consumer_bag.INFO Received baggage data: ('Ruben Sanchez', 'BG0871', 'Loaded')
2024-06-13 17:24:18,103.consumer_bag.INFO Received baggage data: ('Jessica Foster', 'BG9958', 'Unloaded')
2024-06-13 17:24:20,107.consumer_bag.INFO Received baggage data: ('Katie Hardy', 'BG3941', 'Loaded')
2024-06-13 17:24:22,113.consumer_bag.INFO Received baggage data: ('Dylan Cox', 'BG5343', 'Delivered')
2024-06-13 17:24:22,115.consumer_bag.INFO  [alert] BG5343 => BAGGAGE FOR: Dylan Cox is Delivered!!!
2024-06-13 17:24:24,119.consumer_bag.INFO Received baggage data: ('Amanda Benson', 'BG2404', 'Checked-in')
2024-06-13 17:24:26,124.consumer_bag.INFO Received baggage data: ('Bradley Garrett', 'BG8063', 'Checked-in')
2024-06-13 17:24:28,137.consumer_bag.INFO Received baggage data: ('Bryan Robinson', 'BG5978', 'Unloaded')
2024-06-13 17:24:30,141.consumer_bag.INFO Received baggage data: ('Carrie Griffin', 'BG8737', 'Loaded')
2024-06-13 17:24:32,147.consumer_bag.INFO Received baggage data: ('Janice Brandt', 'BG5480', 'Delivered')
2024-06-13 17:24:32,148.consumer_bag.INFO  [alert] BG5480 => BAGGAGE FOR: Janice Brandt is Delivered!!!
2024-06-13 17:24:34,156.consumer_bag.INFO Received baggage data: ('Joshua Cole', 'BG2846', 'Unloaded')
2024-06-13 17:24:36,161.consumer_bag.INFO Received baggage data: ('Mrs. Jennifer Lynn', 'BG2187', 'Unloaded')
2024-06-13 17:24:38,165.consumer_bag.INFO Received baggage data: ('Amy Harris', 'BG2512', 'Unloaded')
2024-06-13 17:24:40,174.consumer_bag.INFO Received baggage data: ('Aaron Cruz', 'BG8051', 'Unloaded')
2024-06-13 17:24:42,216.consumer_bag.INFO Received baggage data: ('Samantha Humphrey', 'BG0082', 'Unloaded')
2024-06-13 17:24:44,224.consumer_bag.INFO Received baggage data: ('Scott Lewis', 'BG8166', 'Checked-in')
2024-06-13 17:24:46,231.consumer_bag.INFO Received baggage data: ('Sean Sparks', 'BG0995', 'Checked-in')
2024-06-13 17:24:48,237.consumer_bag.INFO Received baggage data: ('Anna White', 'BG2001', 'Unloaded')
2024-06-13 17:24:50,240.consumer_bag.INFO Received baggage data: ('Mark Jones', 'BG8694', 'Delivered')
2024-06-13 17:24:50,241.consumer_bag.INFO  [alert] BG8694 => BAGGAGE FOR: Mark Jones is Delivered!!!
2024-06-13 17:24:52,243.consumer_bag.INFO Received baggage data: ('Lisa Evans', 'BG9182', 'Checked-in')
2024-06-13 17:24:54,248.consumer_bag.INFO Received baggage data: ('Mark Howard', 'BG0280', 'Checked-in')
2024-06-13 17:24:56,253.consumer_bag.INFO Received baggage data: ('Aaron Gilbert', 'BG6016', 'Checked-in')
2024-06-13 17:24:58,260.consumer_bag.INFO Received baggage data: ('Rhonda Mosley', 'BG0138', 'Checked-in')
2024-06-13 17:25:00,283.consumer_bag.INFO Received baggage data: ('Tracy York', 'BG2039', 'Unloaded')
2024-06-13 17:25:02,271.consumer_bag.INFO Received baggage data: ('Adam Gonzales', 'BG4071', 'Unloaded')
2024-06-13 17:25:04,313.consumer_bag.INFO Received baggage data: ('Andre Scott', 'BG1775', 'Loaded')
2024-06-13 17:25:06,318.consumer_bag.INFO Received baggage data: ('Jonathon Weaver', 'BG8403', 'Delivered')
2024-06-13 17:25:06,319.consumer_bag.INFO  [alert] BG8403 => BAGGAGE FOR: Jonathon Weaver is Delivered!!!
2024-06-13 17:25:08,325.consumer_bag.INFO Received baggage data: ('Christopher Lewis', 'BG1293', 'Checked-in')
2024-06-13 17:25:10,328.consumer_bag.INFO Received baggage data: ('Laura Wall', 'BG4313', 'Checked-in')
2024-06-13 17:25:12,331.consumer_bag.INFO Received baggage data: ('Justin Grimes', 'BG7480', 'Checked-in')
2024-06-13 17:25:14,335.consumer_bag.INFO Received baggage data: ('Jennifer Williams', 'BG6090', 'Unloaded')
2024-06-13 17:25:16,343.consumer_bag.INFO Received baggage data: ('Molly Lee', 'BG0947', 'Loaded')
2024-06-13 17:25:18,362.consumer_bag.INFO Received baggage data: ('Edwin Maldonado', 'BG9958', 'Loaded')
2024-06-13 17:25:20,363.consumer_bag.INFO Received baggage data: ('Nancy Carson', 'BG5357', 'Delivered')
2024-06-13 17:25:20,364.consumer_bag.INFO  [alert] BG5357 => BAGGAGE FOR: Nancy Carson is Delivered!!!
2024-06-13 17:25:22,367.consumer_bag.INFO Received baggage data: ('Angela Jones', 'BG7037', 'Checked-in')
2024-06-13 17:25:24,372.consumer_bag.INFO Received baggage data: ('Robert Vincent', 'BG3504', 'Unloaded')
2024-06-13 17:25:26,380.consumer_bag.INFO Received baggage data: ('William Edwards', 'BG6628', 'Loaded')
2024-06-13 17:25:28,383.consumer_bag.INFO Received baggage data: ('Donna Gardner', 'BG7010', 'Loaded')
2024-06-13 17:25:30,387.consumer_bag.INFO Received baggage data: ('James Mcdonald', 'BG5663', 'Loaded')
2024-06-13 17:25:32,395.consumer_bag.INFO Received baggage data: ('Tammy Hill', 'BG1544', 'Loaded')
2024-06-13 17:25:34,403.consumer_bag.INFO Received baggage data: ('Joshua Golden', 'BG2012', 'Delivered')
2024-06-13 17:25:34,404.consumer_bag.INFO  [alert] BG2012 => BAGGAGE FOR: Joshua Golden is Delivered!!!
2024-06-13 17:25:36,487.consumer_bag.INFO Received baggage data: ('Linda Jenkins', 'BG0584', 'Loaded')
2024-06-13 17:25:38,504.consumer_bag.INFO Received baggage data: ('Mary Owens', 'BG9584', 'Loaded')
2024-06-13 17:25:40,507.consumer_bag.INFO Received baggage data: ('Jamie Pope', 'BG2848', 'Unloaded')
2024-06-13 17:25:42,521.consumer_bag.INFO Received baggage data: ('Veronica Krause', 'BG1883', 'Loaded')
2024-06-13 17:25:44,530.consumer_bag.INFO Received baggage data: ('Elizabeth Oconnor', 'BG5708', 'Unloaded')
2024-06-13 17:25:46,536.consumer_bag.INFO Received baggage data: ('Jennifer Nelson', 'BG6172', 'Loaded')
2024-06-13 17:25:48,544.consumer_bag.INFO Received baggage data: ('Becky Moss', 'BG4004', 'Checked-in')
2024-06-13 17:25:50,550.consumer_bag.INFO Received baggage data: ('Ashley Barnes', 'BG9799', 'Unloaded')
2024-06-13 17:25:52,555.consumer_bag.INFO Received baggage data: ('Joe Roth', 'BG4776', 'Loaded')
2024-06-13 17:25:54,558.consumer_bag.INFO Received baggage data: ('William Le', 'BG4409', 'Unloaded')
2024-06-13 17:25:56,565.consumer_bag.INFO Received baggage data: ('Sara Wade', 'BG0315', 'Loaded')
2024-06-13 17:25:58,568.consumer_bag.INFO Received baggage data: ('Meredith Keller', 'BG0952', 'Delivered')
2024-06-13 17:25:58,569.consumer_bag.INFO  [alert] BG0952 => BAGGAGE FOR: Meredith Keller is Delivered!!!
2024-06-13 17:26:00,574.consumer_bag.INFO Received baggage data: ('Susan Adams', 'BG7045', 'Loaded')
2024-06-13 17:26:02,584.consumer_bag.INFO Received baggage data: ('Jane Jacobs', 'BG2866', 'Delivered')
2024-06-13 17:26:02,584.consumer_bag.INFO  [alert] BG2866 => BAGGAGE FOR: Jane Jacobs is Delivered!!!
2024-06-13 17:26:04,590.consumer_bag.INFO Received baggage data: ('David Lawson', 'BG8009', 'Delivered')
2024-06-13 17:26:04,591.consumer_bag.INFO  [alert] BG8009 => BAGGAGE FOR: David Lawson is Delivered!!!
2024-06-13 17:26:06,597.consumer_bag.INFO Received baggage data: ('Mary Gardner', 'BG7353', 'Unloaded')
2024-06-13 17:26:08,601.consumer_bag.INFO Received baggage data: ('Heather Williams', 'BG2704', 'Loaded')
2024-06-13 17:26:10,608.consumer_bag.INFO Received baggage data: ('David Green', 'BG3743', 'Delivered')
2024-06-13 17:26:10,608.consumer_bag.INFO  [alert] BG3743 => BAGGAGE FOR: David Green is Delivered!!!
2024-06-13 17:26:12,615.consumer_bag.INFO Received baggage data: ('Monique Mullins', 'BG6527', 'Checked-in')
2024-06-13 17:26:14,620.consumer_bag.INFO Received baggage data: ('Courtney Johnson', 'BG4970', 'Delivered')
2024-06-13 17:26:14,620.consumer_bag.INFO  [alert] BG4970 => BAGGAGE FOR: Courtney Johnson is Delivered!!!
2024-06-13 17:26:16,623.consumer_bag.INFO Received baggage data: ('Billy Stevenson', 'BG4098', 'Loaded')
2024-06-13 17:26:18,632.consumer_bag.INFO Received baggage data: ('Ann Poole', 'BG5146', 'Unloaded')
2024-06-13 17:26:20,636.consumer_bag.INFO Received baggage data: ('Joseph Ryan', 'BG3768', 'Loaded')
2024-06-13 17:26:22,641.consumer_bag.INFO Received baggage data: ('John Collins', 'BG1423', 'Checked-in')
2024-06-13 17:26:24,646.consumer_bag.INFO Received baggage data: ('Charles Cabrera', 'BG7532', 'Loaded')
2024-06-13 17:26:26,649.consumer_bag.INFO Received baggage data: ('Kimberly Adams', 'BG8013', 'Loaded')
2024-06-13 17:26:28,656.consumer_bag.INFO Received baggage data: ('Curtis Williams', 'BG2471', 'Checked-in')
2024-06-13 17:26:30,663.consumer_bag.INFO Received baggage data: ('Dustin Hernandez', 'BG9019', 'Unloaded')
2024-06-13 17:26:32,668.consumer_bag.INFO Received baggage data: ('Christopher Diaz', 'BG5629', 'Delivered')
2024-06-13 17:26:32,668.consumer_bag.INFO  [alert] BG5629 => BAGGAGE FOR: Christopher Diaz is Delivered!!!
2024-06-13 17:26:34,671.consumer_bag.INFO Received baggage data: ('Melissa Arellano', 'BG7389', 'Unloaded')
2024-06-13 17:26:36,677.consumer_bag.INFO Received baggage data: ('Steven Bond DDS', 'BG1711', 'Unloaded')
2024-06-13 17:26:38,688.consumer_bag.INFO Received baggage data: ('Matthew Price', 'BG0306', 'Checked-in')
2024-06-13 17:26:40,696.consumer_bag.INFO Received baggage data: ('Timothy Johnson', 'BG0742', 'Unloaded')
2024-06-13 17:26:42,699.consumer_bag.INFO Received baggage data: ('Betty Tran', 'BG4926', 'Unloaded')
2024-06-13 17:26:44,705.consumer_bag.INFO Received baggage data: ('Douglas Page', 'BG7881', 'Checked-in')
2024-06-13 17:26:46,712.consumer_bag.INFO Received baggage data: ('Jeffery Petty', 'BG8378', 'Checked-in')
2024-06-13 17:26:48,717.consumer_bag.INFO Received baggage data: ('Anna Jackson', 'BG8471', 'Unloaded')
2024-06-13 17:26:50,723.consumer_bag.INFO Received baggage data: ('Angela Walton', 'BG9995', 'Loaded')
2024-06-13 17:26:52,730.consumer_bag.INFO Received baggage data: ('Shannon Kennedy', 'BG2629', 'Delivered')
2024-06-13 17:26:52,730.consumer_bag.INFO  [alert] BG2629 => BAGGAGE FOR: Shannon Kennedy is Delivered!!!
2024-06-13 17:26:54,735.consumer_bag.INFO Received baggage data: ('Joshua Ray', 'BG5250', 'Delivered')
2024-06-13 17:26:54,736.consumer_bag.INFO  [alert] BG5250 => BAGGAGE FOR: Joshua Ray is Delivered!!!
2024-06-13 17:26:56,739.consumer_bag.INFO Received baggage data: ('Douglas Walton', 'BG8406', 'Checked-in')
2024-06-13 17:26:58,746.consumer_bag.INFO Received baggage data: ('Jennifer Martin', 'BG4925', 'Delivered')
2024-06-13 17:26:58,747.consumer_bag.INFO  [alert] BG4925 => BAGGAGE FOR: Jennifer Martin is Delivered!!!
2024-06-13 17:27:00,749.consumer_bag.INFO Received baggage data: ('Jose Mahoney', 'BG7757', 'Unloaded')
2024-06-13 17:27:02,755.consumer_bag.INFO Received baggage data: ('Matthew Logan', 'BG9718', 'Delivered')
2024-06-13 17:27:02,756.consumer_bag.INFO  [alert] BG9718 => BAGGAGE FOR: Matthew Logan is Delivered!!!
2024-06-13 17:27:04,760.consumer_bag.INFO Received baggage data: ('Amanda Lucas', 'BG5606', 'Checked-in')
2024-06-13 17:27:06,769.consumer_bag.INFO Received baggage data: ('Tina Cunningham', 'BG0487', 'Unloaded')
2024-06-13 17:27:08,774.consumer_bag.INFO Received baggage data: ('Lisa Kim', 'BG0957', 'Unloaded')
2024-06-13 17:27:10,777.consumer_bag.INFO Received baggage data: ('Melissa Miller', 'BG0495', 'Loaded')
2024-06-13 17:27:12,782.consumer_bag.INFO Received baggage data: ('Lisa Brown', 'BG8874', 'Loaded')
2024-06-13 17:27:14,785.consumer_bag.INFO Received baggage data: ('Joseph Williams', 'BG8043', 'Loaded')
2024-06-13 17:27:16,789.consumer_bag.INFO Received baggage data: ('Mr. William Rodriguez PhD', 'BG4226', 'Delivered')
2024-06-13 17:27:16,790.consumer_bag.INFO  [alert] BG4226 => BAGGAGE FOR: Mr. William Rodriguez PhD is Delivered!!!
2024-06-13 17:27:18,793.consumer_bag.INFO Received baggage data: ('Nicole Harris', 'BG9039', 'Unloaded')
2024-06-13 17:27:20,797.consumer_bag.INFO Received baggage data: ('Lori Caldwell', 'BG9467', 'Delivered')
2024-06-13 17:27:20,798.consumer_bag.INFO  [alert] BG9467 => BAGGAGE FOR: Lori Caldwell is Delivered!!!
2024-06-13 17:27:22,800.consumer_bag.INFO Received baggage data: ('Casey Peterson', 'BG2491', 'Checked-in')
2024-06-13 17:27:24,806.consumer_bag.INFO Received baggage data: ('Mr. Paul Walker', 'BG7333', 'Loaded')
2024-06-13 17:27:26,818.consumer_bag.INFO Received baggage data: ('Nathan Wilson', 'BG8352', 'Delivered')
2024-06-13 17:27:26,820.consumer_bag.INFO  [alert] BG8352 => BAGGAGE FOR: Nathan Wilson is Delivered!!!
2024-06-13 17:27:28,837.consumer_bag.INFO Received baggage data: ('Terry Williams', 'BG0135', 'Unloaded')
2024-06-13 17:27:30,841.consumer_bag.INFO Received baggage data: ('Andrea Woodard', 'BG4805', 'Loaded')
2024-06-13 17:27:32,850.consumer_bag.INFO Received baggage data: ('Joshua Roman', 'BG8804', 'Delivered')
2024-06-13 17:27:32,851.consumer_bag.INFO  [alert] BG8804 => BAGGAGE FOR: Joshua Roman is Delivered!!!
2024-06-13 17:27:34,855.consumer_bag.INFO Received baggage data: ('Derrick Andrade', 'BG8008', 'Loaded')
2024-06-13 17:27:36,859.consumer_bag.INFO Received baggage data: ('Ricky White', 'BG9891', 'Checked-in')
2024-06-13 17:27:38,862.consumer_bag.INFO Received baggage data: ('Michelle Frost', 'BG9841', 'Delivered')
2024-06-13 17:27:38,863.consumer_bag.INFO  [alert] BG9841 => BAGGAGE FOR: Michelle Frost is Delivered!!!
2024-06-13 17:27:40,870.consumer_bag.INFO Received baggage data: ('Jacqueline Eaton', 'BG6578', 'Loaded')
2024-06-13 17:27:42,874.consumer_bag.INFO Received baggage data: ('Tyler Martin', 'BG8754', 'Delivered')
2024-06-13 17:27:42,874.consumer_bag.INFO  [alert] BG8754 => BAGGAGE FOR: Tyler Martin is Delivered!!!
2024-06-13 17:27:44,879.consumer_bag.INFO Received baggage data: ('Lee Paul', 'BG3483', 'Checked-in')
2024-06-13 17:27:46,886.consumer_bag.INFO Received baggage data: ('Brandy Griffith', 'BG1644', 'Unloaded')
2024-06-13 17:27:48,923.consumer_bag.INFO Received baggage data: ('Leslie Rodriguez', 'BG4149', 'Delivered')
2024-06-13 17:27:48,928.consumer_bag.INFO  [alert] BG4149 => BAGGAGE FOR: Leslie Rodriguez is Delivered!!!
2024-06-13 17:27:50,930.consumer_bag.INFO Received baggage data: ('Chad Fowler', 'BG8401', 'Loaded')
2024-06-13 17:27:52,936.consumer_bag.INFO Received baggage data: ('Juan Williams', 'BG0170', 'Loaded')
2024-06-13 17:27:54,941.consumer_bag.INFO Received baggage data: ('William Sweeney', 'BG1648', 'Unloaded')
2024-06-13 17:27:56,946.consumer_bag.INFO Received baggage data: ('Jessica Russell', 'BG7720', 'Unloaded')
2024-06-13 17:27:58,954.consumer_bag.INFO Received baggage data: ('Daniel Peterson', 'BG5181', 'Unloaded')
2024-06-13 17:28:00,956.consumer_bag.INFO Received baggage data: ('Colleen Turner', 'BG9194', 'Delivered')
2024-06-13 17:28:00,956.consumer_bag.INFO  [alert] BG9194 => BAGGAGE FOR: Colleen Turner is Delivered!!!
2024-06-13 17:28:02,963.consumer_bag.INFO Received baggage data: ('Brianna Davis', 'BG9066', 'Checked-in')
2024-06-13 17:28:04,968.consumer_bag.INFO Received baggage data: ('Adam Neal', 'BG7275', 'Delivered')
2024-06-13 17:28:04,970.consumer_bag.INFO  [alert] BG7275 => BAGGAGE FOR: Adam Neal is Delivered!!!
2024-06-13 17:28:06,977.consumer_bag.INFO Received baggage data: ('Julian Watson', 'BG5678', 'Unloaded')
2024-06-13 17:28:08,994.consumer_bag.INFO Received baggage data: ('Amanda Pennington', 'BG8776', 'Checked-in')
2024-06-13 17:28:11,003.consumer_bag.INFO Received baggage data: ('Randy Stephens', 'BG0001', 'Delivered')
2024-06-13 17:28:11,004.consumer_bag.INFO  [alert] BG0001 => BAGGAGE FOR: Randy Stephens is Delivered!!!
2024-06-13 17:28:13,007.consumer_bag.INFO Received baggage data: ('Whitney Melendez', 'BG7363', 'Delivered')
2024-06-13 17:28:13,008.consumer_bag.INFO  [alert] BG7363 => BAGGAGE FOR: Whitney Melendez is Delivered!!!
2024-06-13 17:28:15,033.consumer_bag.INFO Received baggage data: ('Ashley Jones', 'BG3507', 'Delivered')
2024-06-13 17:28:15,035.consumer_bag.INFO  [alert] BG3507 => BAGGAGE FOR: Ashley Jones is Delivered!!!
2024-06-13 17:28:17,040.consumer_bag.INFO Received baggage data: ('Alicia Cruz', 'BG9449', 'Unloaded')
2024-06-13 17:28:19,043.consumer_bag.INFO Received baggage data: ('Kenneth Reid', 'BG9706', 'Loaded')
2024-06-13 17:28:21,046.consumer_bag.INFO Received baggage data: ('Kara Ramirez', 'BG7033', 'Delivered')
2024-06-13 17:28:21,047.consumer_bag.INFO  [alert] BG7033 => BAGGAGE FOR: Kara Ramirez is Delivered!!!
2024-06-13 17:28:23,048.consumer_bag.INFO Received baggage data: ('Gabriel Gates', 'BG2794', 'Unloaded')
2024-06-13 17:28:25,052.consumer_bag.INFO Received baggage data: ('Donald Mullins', 'BG7378', 'Delivered')
2024-06-13 17:28:25,053.consumer_bag.INFO  [alert] BG7378 => BAGGAGE FOR: Donald Mullins is Delivered!!!
2024-06-13 17:28:27,071.consumer_bag.INFO Received baggage data: ('Brent Hill', 'BG8043', 'Delivered')
2024-06-13 17:28:27,071.consumer_bag.INFO  [alert] BG8043 => BAGGAGE FOR: Brent Hill is Delivered!!!
2024-06-13 17:28:29,092.consumer_bag.INFO Received baggage data: ('Darlene Miller', 'BG8750', 'Unloaded')
2024-06-13 17:28:31,099.consumer_bag.INFO Received baggage data: ('Tami Davidson', 'BG1217', 'Checked-in')
2024-06-13 17:28:33,105.consumer_bag.INFO Received baggage data: ('Stacey Fisher', 'BG8024', 'Checked-in')
2024-06-13 17:28:35,114.consumer_bag.INFO Received baggage data: ('Aaron Smith', 'BG0038', 'Loaded')
2024-06-13 17:28:37,119.consumer_bag.INFO Received baggage data: ('Robert Garcia', 'BG6724', 'Loaded')
2024-06-13 17:28:39,124.consumer_bag.INFO Received baggage data: ('Michael Marshall', 'BG2111', 'Checked-in')
2024-06-13 17:28:41,128.consumer_bag.INFO Received baggage data: ('William Rocha', 'BG9594', 'Checked-in')
2024-06-13 17:28:43,130.consumer_bag.INFO Received baggage data: ('Jennifer Krueger', 'BG3821', 'Loaded')
2024-06-13 17:28:45,134.consumer_bag.INFO Received baggage data: ('Mark Rodriguez', 'BG2222', 'Unloaded')
2024-06-13 17:28:47,164.consumer_bag.INFO Received baggage data: ('Anne Curtis', 'BG6815', 'Loaded')
2024-06-13 17:28:49,171.consumer_bag.INFO Received baggage data: ('Alicia Rodriguez', 'BG8923', 'Unloaded')
2024-06-13 17:28:51,179.consumer_bag.INFO Received baggage data: ('Emma Chen', 'BG5075', 'Loaded')
2024-06-13 17:28:53,182.consumer_bag.INFO Received baggage data: ('Robert Franklin', 'BG8030', 'Unloaded')
2024-06-13 17:28:55,185.consumer_bag.INFO Received baggage data: ('Micheal Whitehead', 'BG9563', 'Loaded')
2024-06-13 17:28:57,189.consumer_bag.INFO Received baggage data: ('Kyle Bowen', 'BG2351', 'Delivered')
2024-06-13 17:28:57,190.consumer_bag.INFO  [alert] BG2351 => BAGGAGE FOR: Kyle Bowen is Delivered!!!
2024-06-13 17:28:59,196.consumer_bag.INFO Received baggage data: ('Kara Hill', 'BG1207', 'Checked-in')
2024-06-13 17:29:01,199.consumer_bag.INFO Received baggage data: ('Dean Banks', 'BG4739', 'Unloaded')
2024-06-13 17:29:03,204.consumer_bag.INFO Received baggage data: ('Jessica Fox', 'BG6731', 'Delivered')
2024-06-13 17:29:03,205.consumer_bag.INFO  [alert] BG6731 => BAGGAGE FOR: Jessica Fox is Delivered!!!
2024-06-13 17:29:05,215.consumer_bag.INFO Received baggage data: ('Rebecca Robinson', 'BG1311', 'Checked-in')
2024-06-13 17:29:07,220.consumer_bag.INFO Received baggage data: ('Taylor Poole', 'BG2990', 'Delivered')
2024-06-13 17:29:07,220.consumer_bag.INFO  [alert] BG2990 => BAGGAGE FOR: Taylor Poole is Delivered!!!
2024-06-13 17:29:09,222.consumer_bag.INFO Received baggage data: ('Heather Avila', 'BG4583', 'Checked-in')
2024-06-13 17:29:11,227.consumer_bag.INFO Received baggage data: ('Christine Cabrera', 'BG3158', 'Delivered')
2024-06-13 17:29:11,228.consumer_bag.INFO  [alert] BG3158 => BAGGAGE FOR: Christine Cabrera is Delivered!!!
2024-06-13 17:29:13,232.consumer_bag.INFO Received baggage data: ('William Wagner', 'BG3862', 'Loaded')
2024-06-13 17:29:15,238.consumer_bag.INFO Received baggage data: ('Reginald Watkins', 'BG0669', 'Unloaded')
2024-06-13 17:29:17,249.consumer_bag.INFO Received baggage data: ('Harold Young', 'BG3303', 'Unloaded')
2024-06-13 17:29:19,356.consumer_bag.INFO Received baggage data: ('Cynthia Waller', 'BG1281', 'Delivered')
2024-06-13 17:29:19,360.consumer_bag.INFO  [alert] BG1281 => BAGGAGE FOR: Cynthia Waller is Delivered!!!
2024-06-13 17:29:21,401.consumer_bag.INFO Received baggage data: ('Alyssa Smith', 'BG8273', 'Delivered')
2024-06-13 17:29:21,403.consumer_bag.INFO  [alert] BG8273 => BAGGAGE FOR: Alyssa Smith is Delivered!!!
2024-06-13 17:29:23,405.consumer_bag.INFO Received baggage data: ('Shannon David', 'BG5551', 'Loaded')
2024-06-13 17:29:25,439.consumer_bag.INFO Received baggage data: ('James Valdez', 'BG0585', 'Loaded')
2024-06-13 17:29:27,445.consumer_bag.INFO Received baggage data: ('Jacqueline Martin', 'BG2506', 'Checked-in')
2024-06-13 17:29:29,447.consumer_bag.INFO Received baggage data: ('Heather Williams', 'BG1672', 'Checked-in')
2024-06-13 17:29:31,451.consumer_bag.INFO Received baggage data: ('Emily Cox', 'BG7673', 'Unloaded')
2024-06-13 17:29:33,454.consumer_bag.INFO Received baggage data: ('Shelly Schneider', 'BG3888', 'Unloaded')
2024-06-13 17:29:35,456.consumer_bag.INFO Received baggage data: ('David Sweeney', 'BG2092', 'Loaded')
2024-06-13 17:29:37,459.consumer_bag.INFO Received baggage data: ('Christine Tucker DDS', 'BG6273', 'Unloaded')
2024-06-13 17:29:39,461.consumer_bag.INFO Received baggage data: ('Jonathan Gillespie', 'BG8702', 'Delivered')
2024-06-13 17:29:39,462.consumer_bag.INFO  [alert] BG8702 => BAGGAGE FOR: Jonathan Gillespie is Delivered!!!
2024-06-13 17:29:41,463.consumer_bag.INFO Received baggage data: ('Jade Schultz', 'BG0477', 'Loaded')
2024-06-13 17:29:43,467.consumer_bag.INFO Received baggage data: ('Keith Hampton', 'BG4396', 'Unloaded')
2024-06-13 17:29:45,471.consumer_bag.INFO Received baggage data: ('Jonathan Lopez', 'BG9942', 'Checked-in')
2024-06-13 17:29:47,480.consumer_bag.INFO Received baggage data: ('Robert Watts', 'BG7357', 'Checked-in')
2024-06-13 17:29:49,483.consumer_bag.INFO Received baggage data: ('Peter Lopez', 'BG3363', 'Unloaded')
2024-06-13 17:29:51,486.consumer_bag.INFO Received baggage data: ('Nancy Smith', 'BG1693', 'Delivered')
2024-06-13 17:29:51,486.consumer_bag.INFO  [alert] BG1693 => BAGGAGE FOR: Nancy Smith is Delivered!!!
2024-06-13 17:29:53,488.consumer_bag.INFO Received baggage data: ('Selena Frazier', 'BG3972', 'Loaded')
2024-06-13 17:29:55,491.consumer_bag.INFO Received baggage data: ('Jared Moore', 'BG8076', 'Delivered')
2024-06-13 17:29:55,492.consumer_bag.INFO  [alert] BG8076 => BAGGAGE FOR: Jared Moore is Delivered!!!
2024-06-13 17:29:57,493.consumer_bag.INFO Received baggage data: ('Bryan Williams', 'BG3670', 'Checked-in')
2024-06-13 17:29:59,504.consumer_bag.INFO Received baggage data: ('Lisa Sellers', 'BG7117', 'Checked-in')
2024-06-13 17:30:01,505.consumer_bag.INFO Received baggage data: ('Jason Wolf', 'BG8016', 'Delivered')
2024-06-13 17:30:01,506.consumer_bag.INFO  [alert] BG8016 => BAGGAGE FOR: Jason Wolf is Delivered!!!
2024-06-13 17:30:03,507.consumer_bag.INFO Received baggage data: ('Teresa Blair', 'BG0136', 'Unloaded')
2024-06-13 17:30:05,510.consumer_bag.INFO Received baggage data: ('Kari Wallace', 'BG1472', 'Checked-in')
2024-06-13 17:30:07,514.consumer_bag.INFO Received baggage data: ('Maria Hill', 'BG9088', 'Checked-in')
2024-06-13 17:30:09,519.consumer_bag.INFO Received baggage data: ('Nicole Smith', 'BG2278', 'Checked-in')
2024-06-13 17:30:11,547.consumer_bag.INFO Received baggage data: ('Mark Alexander', 'BG2156', 'Delivered')
2024-06-13 17:30:11,547.consumer_bag.INFO  [alert] BG2156 => BAGGAGE FOR: Mark Alexander is Delivered!!!
2024-06-13 17:30:13,555.consumer_bag.INFO Received baggage data: ('Brian Sullivan', 'BG3053', 'Delivered')
2024-06-13 17:30:13,556.consumer_bag.INFO  [alert] BG3053 => BAGGAGE FOR: Brian Sullivan is Delivered!!!
2024-06-13 17:30:15,560.consumer_bag.INFO Received baggage data: ('Sharon Johnson', 'BG3635', 'Unloaded')
2024-06-13 17:30:17,564.consumer_bag.INFO Received baggage data: ('Cheryl Martin', 'BG3405', 'Checked-in')
2024-06-13 17:30:19,568.consumer_bag.INFO Received baggage data: ('Rebecca Zhang', 'BG0659', 'Loaded')
2024-06-13 17:30:21,572.consumer_bag.INFO Received baggage data: ('Samuel Smith', 'BG1828', 'Checked-in')
2024-06-13 17:30:23,576.consumer_bag.INFO Received baggage data: ('Robert Webster', 'BG5816', 'Delivered')
2024-06-13 17:30:23,578.consumer_bag.INFO  [alert] BG5816 => BAGGAGE FOR: Robert Webster is Delivered!!!
2024-06-13 17:30:25,578.consumer_bag.INFO Received baggage data: ('Makayla Martinez', 'BG7392', 'Delivered')
2024-06-13 17:30:25,578.consumer_bag.INFO  [alert] BG7392 => BAGGAGE FOR: Makayla Martinez is Delivered!!!
2024-06-13 17:30:27,580.consumer_bag.INFO Received baggage data: ('John Galvan', 'BG4094', 'Unloaded')
2024-06-13 17:30:29,583.consumer_bag.INFO Received baggage data: ('Mr. Kyle Byrd III', 'BG5899', 'Loaded')
2024-06-13 17:30:31,587.consumer_bag.INFO Received baggage data: ('Hannah Dudley', 'BG6912', 'Checked-in')
2024-06-13 17:30:33,596.consumer_bag.INFO Received baggage data: ('Antonio Preston', 'BG3352', 'Checked-in')
2024-06-13 17:30:35,597.consumer_bag.INFO Received baggage data: ('Shannon Travis', 'BG8020', 'Loaded')
2024-06-13 17:30:37,600.consumer_bag.INFO Received baggage data: ('Daniel Ayers', 'BG3209', 'Delivered')
2024-06-13 17:30:37,601.consumer_bag.INFO  [alert] BG3209 => BAGGAGE FOR: Daniel Ayers is Delivered!!!
2024-06-13 17:30:39,605.consumer_bag.INFO Received baggage data: ('Lauren Young MD', 'BG3269', 'Unloaded')
2024-06-13 17:30:41,613.consumer_bag.INFO Received baggage data: ('Thomas Merritt', 'BG2814', 'Unloaded')
2024-06-13 17:30:43,618.consumer_bag.INFO Received baggage data: ('Adam Rogers', 'BG2126', 'Loaded')
2024-06-13 17:30:45,622.consumer_bag.INFO Received baggage data: ('Elizabeth Hendrix', 'BG2502', 'Unloaded')
2024-06-13 17:30:47,629.consumer_bag.INFO Received baggage data: ('Tonya Farley', 'BG1437', 'Loaded')
2024-06-13 17:30:49,635.consumer_bag.INFO Received baggage data: ('Jennifer Adams', 'BG3569', 'Delivered')
2024-06-13 17:30:49,636.consumer_bag.INFO  [alert] BG3569 => BAGGAGE FOR: Jennifer Adams is Delivered!!!
2024-06-13 17:30:51,645.consumer_bag.INFO Received baggage data: ('James Mendez', 'BG2734', 'Checked-in')
2024-06-13 17:30:53,647.consumer_bag.INFO Received baggage data: ('Jason Floyd', 'BG7225', 'Loaded')
2024-06-13 17:30:55,651.consumer_bag.INFO Received baggage data: ('Benjamin Leon', 'BG3567', 'Checked-in')
2024-06-13 17:30:57,656.consumer_bag.INFO Received baggage data: ('Heidi Pope', 'BG6087', 'Unloaded')
2024-06-13 17:30:59,664.consumer_bag.INFO Received baggage data: ('Helen Edwards', 'BG5116', 'Unloaded')
2024-06-13 17:31:01,666.consumer_bag.INFO Received baggage data: ('Jennifer Rivera', 'BG4399', 'Checked-in')
2024-06-13 17:31:03,671.consumer_bag.INFO Received baggage data: ('Bryan Foster', 'BG9927', 'Loaded')
2024-06-13 17:31:05,677.consumer_bag.INFO Received baggage data: ('Stacy Foster', 'BG4543', 'Checked-in')
2024-06-13 17:31:07,685.consumer_bag.INFO Received baggage data: ('Michael Lewis', 'BG2881', 'Unloaded')
2024-06-13 17:31:09,705.consumer_bag.INFO Received baggage data: ('Justin Black', 'BG8115', 'Loaded')
2024-06-13 17:31:11,708.consumer_bag.INFO Received baggage data: ('Jennifer Johnson', 'BG6278', 'Checked-in')
2024-06-13 17:31:13,713.consumer_bag.INFO Received baggage data: ('Mark Miller', 'BG3307', 'Unloaded')
2024-06-13 17:31:15,718.consumer_bag.INFO Received baggage data: ('John Pham', 'BG4783', 'Unloaded')
2024-06-13 17:31:17,723.consumer_bag.INFO Received baggage data: ('Brian Hill', 'BG4456', 'Loaded')
2024-06-13 17:31:19,727.consumer_bag.INFO Received baggage data: ('Nicole Hamilton', 'BG0302', 'Checked-in')
2024-06-13 17:31:21,732.consumer_bag.INFO Received baggage data: ('Ashley Ramirez', 'BG3321', 'Delivered')
2024-06-13 17:31:21,732.consumer_bag.INFO  [alert] BG3321 => BAGGAGE FOR: Ashley Ramirez is Delivered!!!
2024-06-13 17:31:23,734.consumer_bag.INFO Received baggage data: ('Casey Colon', 'BG5175', 'Checked-in')
2024-06-13 17:31:25,738.consumer_bag.INFO Received baggage data: ('Stephen Nunez', 'BG3772', 'Unloaded')
2024-06-13 17:31:27,745.consumer_bag.INFO Received baggage data: ('Zachary Lutz', 'BG5971', 'Loaded')
2024-06-13 17:31:29,747.consumer_bag.INFO Received baggage data: ('Megan Montes', 'BG0424', 'Checked-in')
2024-06-13 17:31:31,751.consumer_bag.INFO Received baggage data: ('Heather Bautista', 'BG7512', 'Delivered')
2024-06-13 17:31:31,752.consumer_bag.INFO  [alert] BG7512 => BAGGAGE FOR: Heather Bautista is Delivered!!!
2024-06-13 17:31:33,754.consumer_bag.INFO Received baggage data: ('Robert House', 'BG5318', 'Loaded')
2024-06-13 17:31:35,763.consumer_bag.INFO Received baggage data: ('Madison Diaz', 'BG9233', 'Loaded')
2024-06-13 17:31:37,766.consumer_bag.INFO Received baggage data: ('Jeffrey George', 'BG8631', 'Delivered')
2024-06-13 17:31:37,767.consumer_bag.INFO  [alert] BG8631 => BAGGAGE FOR: Jeffrey George is Delivered!!!
2024-06-13 17:31:39,771.consumer_bag.INFO Received baggage data: ('Shaun Stevens', 'BG7842', 'Loaded')
2024-06-13 17:31:41,775.consumer_bag.INFO Received baggage data: ('Jeremy Mendez', 'BG2187', 'Checked-in')
2024-06-13 17:31:43,777.consumer_bag.INFO Received baggage data: ('Jeremy Merritt', 'BG8016', 'Delivered')
2024-06-13 17:31:43,778.consumer_bag.INFO  [alert] BG8016 => BAGGAGE FOR: Jeremy Merritt is Delivered!!!
2024-06-13 17:31:45,784.consumer_bag.INFO Received baggage data: ('Christine Jackson', 'BG0765', 'Delivered')
2024-06-13 17:31:45,784.consumer_bag.INFO  [alert] BG0765 => BAGGAGE FOR: Christine Jackson is Delivered!!!
2024-06-13 17:31:47,787.consumer_bag.INFO Received baggage data: ('Amy Sanders', 'BG2310', 'Unloaded')
2024-06-13 17:31:49,792.consumer_bag.INFO Received baggage data: ('Leonard Sherman', 'BG1821', 'Loaded')
2024-06-13 17:31:51,796.consumer_bag.INFO Received baggage data: ('Michelle Douglas', 'BG6162', 'Unloaded')
2024-06-13 17:31:53,799.consumer_bag.INFO Received baggage data: ('Michael Howard', 'BG7840', 'Loaded')
2024-06-13 17:31:55,803.consumer_bag.INFO Received baggage data: ('Stephanie Sanchez', 'BG1985', 'Delivered')
2024-06-13 17:31:55,804.consumer_bag.INFO  [alert] BG1985 => BAGGAGE FOR: Stephanie Sanchez is Delivered!!!
2024-06-13 17:31:57,808.consumer_bag.INFO Received baggage data: ('Jamie Huang', 'BG3388', 'Loaded')
2024-06-13 17:31:59,815.consumer_bag.INFO Received baggage data: ('Linda Ortiz', 'BG5303', 'Loaded')
2024-06-13 17:32:01,820.consumer_bag.INFO Received baggage data: ('Andrea Wolf', 'BG8748', 'Loaded')
2024-06-13 17:32:03,828.consumer_bag.INFO Received baggage data: ('Michael Cook', 'BG2421', 'Delivered')
2024-06-13 17:32:03,828.consumer_bag.INFO  [alert] BG2421 => BAGGAGE FOR: Michael Cook is Delivered!!!
2024-06-13 17:32:05,830.consumer_bag.INFO Received baggage data: ('Linda Hawkins', 'BG9047', 'Unloaded')
2024-06-13 17:32:07,833.consumer_bag.INFO Received baggage data: ('Deanna Mendoza', 'BG9679', 'Unloaded')
2024-06-13 17:32:09,837.consumer_bag.INFO Received baggage data: ('Charles Young', 'BG1509', 'Delivered')
2024-06-13 17:32:09,840.consumer_bag.INFO  [alert] BG1509 => BAGGAGE FOR: Charles Young is Delivered!!!
2024-06-13 17:32:11,846.consumer_bag.INFO Received baggage data: ('Amanda Davis', 'BG2623', 'Delivered')
2024-06-13 17:32:11,847.consumer_bag.INFO  [alert] BG2623 => BAGGAGE FOR: Amanda Davis is Delivered!!!
2024-06-13 17:32:13,849.consumer_bag.INFO Received baggage data: ('Joanna Matthews', 'BG6563', 'Checked-in')
2024-06-13 17:32:15,853.consumer_bag.INFO Received baggage data: ('Teresa Rangel', 'BG1594', 'Unloaded')
2024-06-13 17:32:17,860.consumer_bag.INFO Received baggage data: ('Megan Woodard', 'BG7160', 'Checked-in')
2024-06-13 17:32:19,861.consumer_bag.INFO Received baggage data: ('Willie Gonzalez', 'BG6695', 'Unloaded')
2024-06-13 17:32:21,863.consumer_bag.INFO Received baggage data: ('Joe Herrera', 'BG5074', 'Checked-in')
2024-06-13 17:32:23,865.consumer_bag.INFO Received baggage data: ('James Sanchez', 'BG2774', 'Delivered')
2024-06-13 17:32:23,867.consumer_bag.INFO  [alert] BG2774 => BAGGAGE FOR: James Sanchez is Delivered!!!
2024-06-13 17:32:25,869.consumer_bag.INFO Received baggage data: ('Thomas Hardin', 'BG3177', 'Unloaded')
2024-06-13 17:32:27,876.consumer_bag.INFO Received baggage data: ('Jasmine Wilson', 'BG5496', 'Delivered')
2024-06-13 17:32:27,876.consumer_bag.INFO  [alert] BG5496 => BAGGAGE FOR: Jasmine Wilson is Delivered!!!
2024-06-13 17:32:29,879.consumer_bag.INFO Received baggage data: ('Andrew Crosby', 'BG8839', 'Delivered')
2024-06-13 17:32:29,879.consumer_bag.INFO  [alert] BG8839 => BAGGAGE FOR: Andrew Crosby is Delivered!!!
2024-06-13 17:32:31,881.consumer_bag.INFO Received baggage data: ('Samuel Hall', 'BG8852', 'Unloaded')
2024-06-13 17:32:33,885.consumer_bag.INFO Received baggage data: ('Scott Rodriguez', 'BG6941', 'Loaded')
2024-06-13 17:32:35,912.consumer_bag.INFO Received baggage data: ('Debbie Mccall', 'BG8323', 'Delivered')
2024-06-13 17:32:35,914.consumer_bag.INFO  [alert] BG8323 => BAGGAGE FOR: Debbie Mccall is Delivered!!!
2024-06-13 17:32:37,920.consumer_bag.INFO Received baggage data: ('Susan Williams', 'BG8506', 'Unloaded')
2024-06-13 17:32:39,920.consumer_bag.INFO Received baggage data: ('Cindy Moore', 'BG1441', 'Checked-in')
2024-06-13 17:32:41,924.consumer_bag.INFO Received baggage data: ('Ashley Wang', 'BG5731', 'Loaded')
2024-06-13 17:32:43,927.consumer_bag.INFO Received baggage data: ('Ethan Davis', 'BG2118', 'Delivered')
2024-06-13 17:32:43,928.consumer_bag.INFO  [alert] BG2118 => BAGGAGE FOR: Ethan Davis is Delivered!!!
2024-06-13 17:32:45,933.consumer_bag.INFO Received baggage data: ('Emma Anderson', 'BG2752', 'Delivered')
2024-06-13 17:32:45,933.consumer_bag.INFO  [alert] BG2752 => BAGGAGE FOR: Emma Anderson is Delivered!!!
2024-06-13 17:32:47,945.consumer_bag.INFO Received baggage data: ('Amy Rodriguez', 'BG0210', 'Checked-in')
2024-06-13 17:32:49,987.consumer_bag.INFO Received baggage data: ('Kristen Rowland', 'BG7417', 'Unloaded')
2024-06-13 17:32:51,988.consumer_bag.INFO Received baggage data: ('Donald Bartlett', 'BG5898', 'Loaded')
2024-06-13 17:32:54,001.consumer_bag.INFO Received baggage data: ('Dennis Green', 'BG2633', 'Unloaded')
2024-06-13 17:32:56,004.consumer_bag.INFO Received baggage data: ('Michelle Lee', 'BG7282', 'Delivered')
2024-06-13 17:32:56,007.consumer_bag.INFO  [alert] BG7282 => BAGGAGE FOR: Michelle Lee is Delivered!!!
2024-06-13 17:32:58,013.consumer_bag.INFO Received baggage data: ('Scott Sanders', 'BG8883', 'Unloaded')
2024-06-13 17:33:00,020.consumer_bag.INFO Received baggage data: ('Jonathan Hansen', 'BG1278', 'Checked-in')
2024-06-13 17:33:02,026.consumer_bag.INFO Received baggage data: ('Larry Little', 'BG9899', 'Delivered')
2024-06-13 17:33:02,027.consumer_bag.INFO  [alert] BG9899 => BAGGAGE FOR: Larry Little is Delivered!!!
2024-06-13 17:33:04,028.consumer_bag.INFO Received baggage data: ('Natasha Garcia', 'BG2518', 'Checked-in')
2024-06-13 17:33:06,033.consumer_bag.INFO Received baggage data: ('Benjamin Walker', 'BG3672', 'Delivered')
2024-06-13 17:33:06,035.consumer_bag.INFO  [alert] BG3672 => BAGGAGE FOR: Benjamin Walker is Delivered!!!
2024-06-13 17:33:08,038.consumer_bag.INFO Received baggage data: ('Beverly Burgess', 'BG2985', 'Delivered')
2024-06-13 17:33:08,039.consumer_bag.INFO  [alert] BG2985 => BAGGAGE FOR: Beverly Burgess is Delivered!!!
2024-06-13 17:33:10,045.consumer_bag.INFO Received baggage data: ('Elizabeth Brewer', 'BG9750', 'Unloaded')
2024-06-13 17:33:12,052.consumer_bag.INFO Received baggage data: ('James Luna', 'BG3294', 'Loaded')
2024-06-13 17:33:14,054.consumer_bag.INFO Received baggage data: ('Robert Clayton', 'BG0279', 'Loaded')
2024-06-13 17:33:16,059.consumer_bag.INFO Received baggage data: ('Justin Cooper', 'BG5406', 'Checked-in')
2024-06-13 17:33:18,061.consumer_bag.INFO Received baggage data: ('Linda Fox', 'BG7773', 'Delivered')
2024-06-13 17:33:18,063.consumer_bag.INFO  [alert] BG7773 => BAGGAGE FOR: Linda Fox is Delivered!!!
2024-06-13 17:33:20,066.consumer_bag.INFO Received baggage data: ('Brittany Parker', 'BG1881', 'Delivered')
2024-06-13 17:33:20,067.consumer_bag.INFO  [alert] BG1881 => BAGGAGE FOR: Brittany Parker is Delivered!!!
2024-06-13 17:33:22,073.consumer_bag.INFO Received baggage data: ('Adrian Kim', 'BG6669', 'Checked-in')
2024-06-13 17:33:24,079.consumer_bag.INFO Received baggage data: ('Darryl Wheeler', 'BG5403', 'Unloaded')
2024-06-13 17:33:26,081.consumer_bag.INFO Received baggage data: ('Terri Hampton', 'BG8601', 'Checked-in')
2024-06-13 17:33:28,084.consumer_bag.INFO Received baggage data: ('Paul Calhoun', 'BG6325', 'Unloaded')
2024-06-13 17:33:30,089.consumer_bag.INFO Received baggage data: ('James Thompson', 'BG1625', 'Loaded')
2024-06-13 17:33:32,092.consumer_bag.INFO Received baggage data: ('Lori Salinas', 'BG4532', 'Delivered')
2024-06-13 17:33:32,094.consumer_bag.INFO  [alert] BG4532 => BAGGAGE FOR: Lori Salinas is Delivered!!!
2024-06-13 17:33:34,101.consumer_bag.INFO Received baggage data: ('Leslie Wells', 'BG9519', 'Delivered')
2024-06-13 17:33:34,101.consumer_bag.INFO  [alert] BG9519 => BAGGAGE FOR: Leslie Wells is Delivered!!!
2024-06-13 17:33:36,103.consumer_bag.INFO Received baggage data: ('David Perez', 'BG4876', 'Unloaded')
2024-06-13 17:33:38,108.consumer_bag.INFO Received baggage data: ('Jaclyn Brown', 'BG5081', 'Unloaded')
2024-06-13 17:33:40,115.consumer_bag.INFO Received baggage data: ('Mike Zhang', 'BG7840', 'Loaded')
2024-06-13 17:33:42,118.consumer_bag.INFO Received baggage data: ('Ronald Blair', 'BG2117', 'Loaded')
2024-06-13 17:33:44,123.consumer_bag.INFO Received baggage data: ('Tiffany Stafford', 'BG1504', 'Delivered')
2024-06-13 17:33:44,124.consumer_bag.INFO  [alert] BG1504 => BAGGAGE FOR: Tiffany Stafford is Delivered!!!
2024-06-13 17:33:46,127.consumer_bag.INFO Received baggage data: ('Roberto Huynh', 'BG8354', 'Loaded')
2024-06-13 17:33:48,131.consumer_bag.INFO Received baggage data: ('Cindy Chavez', 'BG7666', 'Delivered')
2024-06-13 17:33:48,132.consumer_bag.INFO  [alert] BG7666 => BAGGAGE FOR: Cindy Chavez is Delivered!!!
2024-06-13 17:33:50,133.consumer_bag.INFO Received baggage data: ('Carolyn Andrews', 'BG8175', 'Checked-in')
2024-06-13 17:33:52,137.consumer_bag.INFO Received baggage data: ('Larry Oconnor', 'BG4567', 'Unloaded')
2024-06-13 17:33:54,146.consumer_bag.INFO Received baggage data: ('Maria Jones', 'BG1605', 'Delivered')
2024-06-13 17:33:54,146.consumer_bag.INFO  [alert] BG1605 => BAGGAGE FOR: Maria Jones is Delivered!!!
2024-06-13 17:33:56,158.consumer_bag.INFO Received baggage data: ('Tyler Bond', 'BG0137', 'Unloaded')
2024-06-13 17:33:58,162.consumer_bag.INFO Received baggage data: ('Tammy Mcintyre', 'BG0002', 'Loaded')
2024-06-13 17:34:00,164.consumer_bag.INFO Received baggage data: ('Heather Murphy', 'BG1205', 'Delivered')
2024-06-13 17:34:00,165.consumer_bag.INFO  [alert] BG1205 => BAGGAGE FOR: Heather Murphy is Delivered!!!
2024-06-13 17:34:02,166.consumer_bag.INFO Received baggage data: ('Shane Craig', 'BG2979', 'Unloaded')
2024-06-13 17:34:04,170.consumer_bag.INFO Received baggage data: ('Richard Griffin', 'BG3357', 'Loaded')
2024-06-13 17:34:06,174.consumer_bag.INFO Received baggage data: ('Monica Fields', 'BG7863', 'Checked-in')
2024-06-13 17:34:08,175.consumer_bag.INFO Received baggage data: ('Julie Benson', 'BG8583', 'Checked-in')
2024-06-13 17:34:10,178.consumer_bag.INFO Received baggage data: ('Michael Garcia', 'BG6658', 'Delivered')
2024-06-13 17:34:10,178.consumer_bag.INFO  [alert] BG6658 => BAGGAGE FOR: Michael Garcia is Delivered!!!
2024-06-13 17:34:12,186.consumer_bag.INFO Received baggage data: ('Christine Brown', 'BG4274', 'Checked-in')
2024-06-13 17:34:14,191.consumer_bag.INFO Received baggage data: ('Miranda Anderson', 'BG3003', 'Checked-in')
2024-06-13 17:34:16,195.consumer_bag.INFO Received baggage data: ('Sarah Johnson', 'BG0810', 'Loaded')
2024-06-13 17:34:18,199.consumer_bag.INFO Received baggage data: ('Dr. Austin Garcia', 'BG1267', 'Loaded')
2024-06-13 17:34:20,206.consumer_bag.INFO Received baggage data: ('Eric Sims', 'BG5044', 'Checked-in')
2024-06-13 17:34:22,211.consumer_bag.INFO Received baggage data: ('Heidi Nunez', 'BG9888', 'Loaded')
2024-06-13 17:34:24,216.consumer_bag.INFO Received baggage data: ('Rebecca Dennis', 'BG4753', 'Unloaded')
2024-06-13 17:34:26,219.consumer_bag.INFO Received baggage data: ('Michele Kelly', 'BG3279', 'Loaded')
2024-06-13 17:34:28,225.consumer_bag.INFO Received baggage data: ('Matthew Garza', 'BG2022', 'Checked-in')
2024-06-13 17:34:30,232.consumer_bag.INFO Received baggage data: ('Andre Horton', 'BG4941', 'Checked-in')
2024-06-13 17:34:32,237.consumer_bag.INFO Received baggage data: ('Matthew Bowman', 'BG8532', 'Checked-in')
2024-06-13 17:34:34,242.consumer_bag.INFO Received baggage data: ('Alexander Sullivan', 'BG2779', 'Unloaded')
2024-06-13 17:34:36,247.consumer_bag.INFO Received baggage data: ('Jacqueline Price', 'BG2304', 'Delivered')
2024-06-13 17:34:36,247.consumer_bag.INFO  [alert] BG2304 => BAGGAGE FOR: Jacqueline Price is Delivered!!!
2024-06-13 17:34:38,263.consumer_bag.INFO Received baggage data: ('Dr. David Rodriguez', 'BG1349', 'Checked-in')
2024-06-13 17:34:40,281.consumer_bag.INFO Received baggage data: ('Amanda Rodriguez', 'BG6859', 'Unloaded')
2024-06-13 17:34:42,291.consumer_bag.INFO Received baggage data: ('Jonathan Watkins', 'BG9994', 'Checked-in')
2024-06-13 17:34:44,299.consumer_bag.INFO Received baggage data: ('Christopher White', 'BG0830', 'Delivered')
2024-06-13 17:34:44,300.consumer_bag.INFO  [alert] BG0830 => BAGGAGE FOR: Christopher White is Delivered!!!
2024-06-13 17:34:46,315.consumer_bag.INFO Received baggage data: ('Anthony Watts', 'BG3495', 'Checked-in')
2024-06-13 17:34:48,320.consumer_bag.INFO Received baggage data: ('Kelly Brown', 'BG5651', 'Delivered')
2024-06-13 17:34:48,321.consumer_bag.INFO  [alert] BG5651 => BAGGAGE FOR: Kelly Brown is Delivered!!!
2024-06-13 17:34:50,342.consumer_bag.INFO Received baggage data: ('Wendy Henderson', 'BG2787', 'Unloaded')
2024-06-13 17:34:52,347.consumer_bag.INFO Received baggage data: ('Omar Howard', 'BG2566', 'Unloaded')
2024-06-13 17:34:54,349.consumer_bag.INFO Received baggage data: ('Mr. Kyle Jones', 'BG4508', 'Unloaded')
2024-06-13 17:34:56,353.consumer_bag.INFO Received baggage data: ('Mason Miller', 'BG5999', 'Loaded')
2024-06-13 17:34:58,360.consumer_bag.INFO Received baggage data: ('Katherine Nguyen', 'BG7002', 'Loaded')
2024-06-13 17:35:00,369.consumer_bag.INFO Received baggage data: ('Regina Brown', 'BG1987', 'Loaded')
2024-06-13 17:35:02,383.consumer_bag.INFO Received baggage data: ('Jason Kaufman', 'BG7958', 'Checked-in')
2024-06-13 17:35:04,394.consumer_bag.INFO Received baggage data: ('Mark Sanchez', 'BG4539', 'Delivered')
2024-06-13 17:35:04,395.consumer_bag.INFO  [alert] BG4539 => BAGGAGE FOR: Mark Sanchez is Delivered!!!
2024-06-13 17:35:06,401.consumer_bag.INFO Received baggage data: ('Jamie Hull', 'BG9868', 'Loaded')
2024-06-13 17:35:08,410.consumer_bag.INFO Received baggage data: ('Laura Santos', 'BG8308', 'Loaded')
2024-06-13 17:35:10,416.consumer_bag.INFO Received baggage data: ('James Duncan', 'BG1168', 'Unloaded')
2024-06-13 17:35:12,421.consumer_bag.INFO Received baggage data: ('Kathryn Davis', 'BG6248', 'Checked-in')
2024-06-13 17:35:14,427.consumer_bag.INFO Received baggage data: ('Michael Lester', 'BG5995', 'Delivered')
2024-06-13 17:35:14,428.consumer_bag.INFO  [alert] BG5995 => BAGGAGE FOR: Michael Lester is Delivered!!!
2024-06-13 17:35:16,431.consumer_bag.INFO Received baggage data: ('Curtis Phillips', 'BG1896', 'Checked-in')
2024-06-13 17:35:18,435.consumer_bag.INFO Received baggage data: ('Robin Moore', 'BG5954', 'Loaded')
2024-06-13 17:35:20,442.consumer_bag.INFO Received baggage data: ('Craig Meadows', 'BG2840', 'Unloaded')
2024-06-13 17:35:22,459.consumer_bag.INFO Received baggage data: ('Kenneth Bird', 'BG3155', 'Loaded')
2024-06-13 17:35:24,465.consumer_bag.INFO Received baggage data: ('Sandra Rodriguez', 'BG2080', 'Loaded')
2024-06-13 17:35:26,470.consumer_bag.INFO Received baggage data: ('Spencer Mcpherson', 'BG0494', 'Checked-in')
2024-06-13 17:35:28,473.consumer_bag.INFO Received baggage data: ('Robin Kline', 'BG9596', 'Delivered')
2024-06-13 17:35:28,474.consumer_bag.INFO  [alert] BG9596 => BAGGAGE FOR: Robin Kline is Delivered!!!
2024-06-13 17:35:30,477.consumer_bag.INFO Received baggage data: ('Erin Scott', 'BG8981', 'Checked-in')
2024-06-13 17:35:32,483.consumer_bag.INFO Received baggage data: ('David Lee', 'BG3860', 'Unloaded')
2024-06-13 17:35:34,491.consumer_bag.INFO Received baggage data: ('David Miller', 'BG3936', 'Loaded')
2024-06-13 17:35:36,499.consumer_bag.INFO Received baggage data: ('Richard Smith', 'BG7893', 'Unloaded')
2024-06-13 17:35:38,507.consumer_bag.INFO Received baggage data: ('Marissa Clark', 'BG3779', 'Delivered')
2024-06-13 17:35:38,507.consumer_bag.INFO  [alert] BG3779 => BAGGAGE FOR: Marissa Clark is Delivered!!!
2024-06-13 17:35:40,510.consumer_bag.INFO Received baggage data: ('Dr. Dean Monroe PhD', 'BG6215', 'Loaded')
2024-06-13 17:35:42,526.consumer_bag.INFO Received baggage data: ('Jason Hale', 'BG7973', 'Loaded')
2024-06-13 17:35:44,531.consumer_bag.INFO Received baggage data: ('David Woodard', 'BG7838', 'Loaded')
2024-06-13 17:35:46,533.consumer_bag.INFO Received baggage data: ('Bailey Griffin', 'BG0096', 'Loaded')
2024-06-13 17:35:48,540.consumer_bag.INFO Received baggage data: ('Audrey Carr', 'BG3551', 'Unloaded')
2024-06-13 17:35:50,546.consumer_bag.INFO Received baggage data: ('Dorothy Hall', 'BG0851', 'Loaded')
2024-06-13 17:35:52,555.consumer_bag.INFO Received baggage data: ('Caleb Jackson', 'BG9920', 'Checked-in')
2024-06-13 17:35:54,558.consumer_bag.INFO Received baggage data: ('Angela Bowman', 'BG7628', 'Delivered')
2024-06-13 17:35:54,559.consumer_bag.INFO  [alert] BG7628 => BAGGAGE FOR: Angela Bowman is Delivered!!!
2024-06-13 17:35:56,562.consumer_bag.INFO Received baggage data: ('Ryan Mcintosh', 'BG5234', 'Loaded')
2024-06-13 17:35:58,566.consumer_bag.INFO Received baggage data: ('Jonathan Barker', 'BG8715', 'Unloaded')
2024-06-13 17:36:00,568.consumer_bag.INFO Received baggage data: ('Stephanie Lee', 'BG9208', 'Unloaded')
2024-06-13 17:36:02,581.consumer_bag.INFO Received baggage data: ('Todd Gomez', 'BG6217', 'Delivered')
2024-06-13 17:36:02,583.consumer_bag.INFO  [alert] BG6217 => BAGGAGE FOR: Todd Gomez is Delivered!!!
2024-06-13 17:36:04,597.consumer_bag.INFO Received baggage data: ('Diana Campbell', 'BG9318', 'Checked-in')
2024-06-13 17:36:06,607.consumer_bag.INFO Received baggage data: ('Charles Mcguire', 'BG0930', 'Delivered')
2024-06-13 17:36:06,610.consumer_bag.INFO  [alert] BG0930 => BAGGAGE FOR: Charles Mcguire is Delivered!!!
2024-06-13 17:36:08,631.consumer_bag.INFO Received baggage data: ('James Cruz', 'BG0166', 'Unloaded')
2024-06-13 17:36:10,639.consumer_bag.INFO Received baggage data: ('Morgan Cruz', 'BG2318', 'Unloaded')
2024-06-13 17:36:12,653.consumer_bag.INFO Received baggage data: ('Laura Newton', 'BG3114', 'Delivered')
2024-06-13 17:36:12,654.consumer_bag.INFO  [alert] BG3114 => BAGGAGE FOR: Laura Newton is Delivered!!!
2024-06-13 17:36:14,659.consumer_bag.INFO Received baggage data: ('Monique Hays', 'BG0140', 'Unloaded')
2024-06-13 17:36:16,664.consumer_bag.INFO Received baggage data: ('Sarah Rios', 'BG6555', 'Loaded')
2024-06-13 17:36:18,669.consumer_bag.INFO Received baggage data: ('Spencer Jones', 'BG0620', 'Checked-in')
2024-06-13 17:36:20,680.consumer_bag.INFO Received baggage data: ('Barbara Bender', 'BG4836', 'Loaded')
2024-06-13 17:36:22,688.consumer_bag.INFO Received baggage data: ('Betty Kim', 'BG4684', 'Unloaded')
2024-06-13 17:36:24,692.consumer_bag.INFO Received baggage data: ('Christopher Floyd', 'BG0201', 'Unloaded')
2024-06-13 17:36:26,700.consumer_bag.INFO Received baggage data: ('Paul Rodriguez', 'BG5421', 'Checked-in')
2024-06-13 17:36:28,728.consumer_bag.INFO Received baggage data: ('Keith Johnson', 'BG4726', 'Unloaded')
2024-06-13 17:36:30,737.consumer_bag.INFO Received baggage data: ('Charles Jordan', 'BG4683', 'Unloaded')
2024-06-13 17:36:32,744.consumer_bag.INFO Received baggage data: ('Patrick Mendez', 'BG7980', 'Loaded')
2024-06-13 17:36:34,749.consumer_bag.INFO Received baggage data: ('Steven Sanders', 'BG8146', 'Checked-in')
2024-06-13 17:36:36,752.consumer_bag.INFO Received baggage data: ('John Fleming', 'BG4123', 'Loaded')
2024-06-13 17:36:38,757.consumer_bag.INFO Received baggage data: ('Charles Williams', 'BG9876', 'Delivered')
2024-06-13 17:36:38,757.consumer_bag.INFO  [alert] BG9876 => BAGGAGE FOR: Charles Williams is Delivered!!!
2024-06-13 17:36:40,763.consumer_bag.INFO Received baggage data: ('Elizabeth Campbell', 'BG2112', 'Unloaded')
2024-06-13 17:36:42,779.consumer_bag.INFO Received baggage data: ('Ashley Hansen', 'BG5428', 'Checked-in')
2024-06-13 17:36:44,783.consumer_bag.INFO Received baggage data: ('Linda Garcia', 'BG4587', 'Checked-in')
2024-06-13 17:36:46,788.consumer_bag.INFO Received baggage data: ('Jason Blackburn', 'BG8432', 'Unloaded')
2024-06-13 17:36:48,797.consumer_bag.INFO Received baggage data: ('Victoria Curtis', 'BG4648', 'Delivered')
2024-06-13 17:36:48,798.consumer_bag.INFO  [alert] BG4648 => BAGGAGE FOR: Victoria Curtis is Delivered!!!
2024-06-13 17:36:50,817.consumer_bag.INFO Received baggage data: ('Ryan Mcdowell', 'BG1293', 'Delivered')
2024-06-13 17:36:50,818.consumer_bag.INFO  [alert] BG1293 => BAGGAGE FOR: Ryan Mcdowell is Delivered!!!
2024-06-13 17:36:52,825.consumer_bag.INFO Received baggage data: ('Emily Horn', 'BG4619', 'Delivered')
2024-06-13 17:36:52,826.consumer_bag.INFO  [alert] BG4619 => BAGGAGE FOR: Emily Horn is Delivered!!!
2024-06-13 17:36:54,849.consumer_bag.INFO Received baggage data: ('Mark Whitehead', 'BG9414', 'Loaded')
2024-06-13 17:36:56,859.consumer_bag.INFO Received baggage data: ('Rachel Moss', 'BG8953', 'Checked-in')
2024-06-13 17:36:58,862.consumer_bag.INFO Received baggage data: ('Becky Gutierrez', 'BG0211', 'Loaded')
2024-06-13 17:37:00,865.consumer_bag.INFO Received baggage data: ('Rose Roberts', 'BG8040', 'Unloaded')
2024-06-13 17:37:02,875.consumer_bag.INFO Received baggage data: ('Calvin Wilson DDS', 'BG5833', 'Checked-in')
2024-06-13 17:37:04,881.consumer_bag.INFO Received baggage data: ('Jose Decker', 'BG0317', 'Delivered')
2024-06-13 17:37:04,882.consumer_bag.INFO  [alert] BG0317 => BAGGAGE FOR: Jose Decker is Delivered!!!
2024-06-13 17:37:06,885.consumer_bag.INFO Received baggage data: ('Zachary Vasquez', 'BG5231', 'Unloaded')
2024-06-13 17:37:08,890.consumer_bag.INFO Received baggage data: ('Mr. Kenneth Holmes', 'BG6889', 'Delivered')
2024-06-13 17:37:08,891.consumer_bag.INFO  [alert] BG6889 => BAGGAGE FOR: Mr. Kenneth Holmes is Delivered!!!
2024-06-13 17:37:10,895.consumer_bag.INFO Received baggage data: ('Katelyn Ryan', 'BG9319', 'Delivered')
2024-06-13 17:37:10,896.consumer_bag.INFO  [alert] BG9319 => BAGGAGE FOR: Katelyn Ryan is Delivered!!!
2024-06-13 17:37:12,898.consumer_bag.INFO Received baggage data: ('Joseph Carrillo', 'BG4170', 'Unloaded')
2024-06-13 17:37:14,906.consumer_bag.INFO Received baggage data: ('Martin Chavez DDS', 'BG0563', 'Unloaded')
2024-06-13 17:37:16,909.consumer_bag.INFO Received baggage data: ('Anthony Colon', 'BG6280', 'Checked-in')
2024-06-13 17:37:18,913.consumer_bag.INFO Received baggage data: ('Garrett Cordova', 'BG4502', 'Checked-in')
2024-06-13 17:37:20,925.consumer_bag.INFO Received baggage data: ('Dominic Warren', 'BG1650', 'Unloaded')
2024-06-13 17:37:22,939.consumer_bag.INFO Received baggage data: ('Karen Jimenez', 'BG8281', 'Delivered')
2024-06-13 17:37:22,939.consumer_bag.INFO  [alert] BG8281 => BAGGAGE FOR: Karen Jimenez is Delivered!!!
2024-06-13 17:37:24,947.consumer_bag.INFO Received baggage data: ('Pamela Morales', 'BG1598', 'Checked-in')
2024-06-13 17:37:26,977.consumer_bag.INFO Received baggage data: ('Deborah Jordan', 'BG8672', 'Unloaded')
2024-06-13 17:37:29,013.consumer_bag.INFO Received baggage data: ('Keith Taylor', 'BG8567', 'Loaded')
2024-06-13 17:37:31,027.consumer_bag.INFO Received baggage data: ('Kyle Wilkerson', 'BG9185', 'Unloaded')
2024-06-13 17:37:33,033.consumer_bag.INFO Received baggage data: ('Joseph Sandoval', 'BG0891', 'Loaded')
2024-06-13 17:37:35,043.consumer_bag.INFO Received baggage data: ('Erik West', 'BG1609', 'Loaded')
2024-06-13 17:37:37,050.consumer_bag.INFO Received baggage data: ('Natalie Beck', 'BG2020', 'Loaded')
2024-06-13 17:37:39,051.consumer_bag.INFO Received baggage data: ('Stephanie Roberts', 'BG9603', 'Unloaded')
2024-06-13 17:37:41,054.consumer_bag.INFO Received baggage data: ('Rachel Vargas', 'BG1605', 'Delivered')
2024-06-13 17:37:41,055.consumer_bag.INFO  [alert] BG1605 => BAGGAGE FOR: Rachel Vargas is Delivered!!!
2024-06-13 17:37:43,058.consumer_bag.INFO Received baggage data: ('Jacob Fuentes', 'BG7792', 'Loaded')
2024-06-13 17:37:45,062.consumer_bag.INFO Received baggage data: ('Patricia Hoffman', 'BG4136', 'Checked-in')
2024-06-13 17:37:47,064.consumer_bag.INFO Received baggage data: ('Anthony Nguyen', 'BG7917', 'Loaded')
2024-06-13 17:37:49,067.consumer_bag.INFO Received baggage data: ('Eric Schultz', 'BG4660', 'Delivered')
2024-06-13 17:37:49,068.consumer_bag.INFO  [alert] BG4660 => BAGGAGE FOR: Eric Schultz is Delivered!!!
2024-06-13 17:37:51,070.consumer_bag.INFO Received baggage data: ('Holly Hill', 'BG4028', 'Checked-in')
2024-06-13 17:37:53,074.consumer_bag.INFO Received baggage data: ('Rachael Massey', 'BG6953', 'Checked-in')
2024-06-13 17:37:55,078.consumer_bag.INFO Received baggage data: ('Scott Dyer', 'BG0156', 'Loaded')
2024-06-13 17:37:57,086.consumer_bag.INFO Received baggage data: ('Eric Hanna', 'BG6537', 'Loaded')
2024-06-13 17:37:59,092.consumer_bag.INFO Received baggage data: ('William Mills', 'BG6680', 'Unloaded')
2024-06-13 17:38:01,099.consumer_bag.INFO Received baggage data: ('Alicia James', 'BG7211', 'Checked-in')
2024-06-13 17:38:03,106.consumer_bag.INFO Received baggage data: ('Kimberly Johnson', 'BG8191', 'Loaded')
2024-06-13 17:38:05,116.consumer_bag.INFO Received baggage data: ('Lori Drake', 'BG4818', 'Loaded')
2024-06-13 17:38:07,119.consumer_bag.INFO Received baggage data: ('Brett Peters', 'BG5440', 'Loaded')
2024-06-13 17:38:09,123.consumer_bag.INFO Received baggage data: ('Nicole Raymond', 'BG8784', 'Delivered')
2024-06-13 17:38:09,123.consumer_bag.INFO  [alert] BG8784 => BAGGAGE FOR: Nicole Raymond is Delivered!!!
2024-06-13 17:38:11,129.consumer_bag.INFO Received baggage data: ('William Williams Jr.', 'BG3796', 'Delivered')
2024-06-13 17:38:11,130.consumer_bag.INFO  [alert] BG3796 => BAGGAGE FOR: William Williams Jr. is Delivered!!!
2024-06-13 17:38:13,133.consumer_bag.INFO Received baggage data: ('Dylan Johnson', 'BG2483', 'Checked-in')
2024-06-13 17:38:15,137.consumer_bag.INFO Received baggage data: ('Sarah Shaw', 'BG6697', 'Loaded')
2024-06-13 17:38:17,143.consumer_bag.INFO Received baggage data: ('Daniel Anderson', 'BG9213', 'Checked-in')
2024-06-13 17:38:19,152.consumer_bag.INFO Received baggage data: ('Nicole Anderson', 'BG0507', 'Checked-in')
2024-06-13 17:38:21,158.consumer_bag.INFO Received baggage data: ('Dr. Courtney Richard', 'BG5429', 'Checked-in')
2024-06-13 17:38:23,161.consumer_bag.INFO Received baggage data: ('Wesley Warner', 'BG7149', 'Unloaded')
2024-06-13 17:38:25,167.consumer_bag.INFO Received baggage data: ('Ronald Barry', 'BG7812', 'Delivered')
2024-06-13 17:38:25,168.consumer_bag.INFO  [alert] BG7812 => BAGGAGE FOR: Ronald Barry is Delivered!!!
2024-06-13 17:38:27,172.consumer_bag.INFO Received baggage data: ('Kimberly Owen', 'BG3671', 'Unloaded')
2024-06-13 17:38:29,184.consumer_bag.INFO Received baggage data: ('Lucas Perez', 'BG9722', 'Delivered')
2024-06-13 17:38:29,184.consumer_bag.INFO  [alert] BG9722 => BAGGAGE FOR: Lucas Perez is Delivered!!!
2024-06-13 17:38:31,185.consumer_bag.INFO Received baggage data: ('Shelby Simmons', 'BG5069', 'Checked-in')
2024-06-13 17:38:33,194.consumer_bag.INFO Received baggage data: ('Sandra Taylor', 'BG8855', 'Loaded')
2024-06-13 17:38:35,199.consumer_bag.INFO Received baggage data: ('Tamara Bond', 'BG7277', 'Loaded')
2024-06-13 17:38:37,206.consumer_bag.INFO Received baggage data: ('Brian Callahan', 'BG8816', 'Delivered')
2024-06-13 17:38:37,207.consumer_bag.INFO  [alert] BG8816 => BAGGAGE FOR: Brian Callahan is Delivered!!!
2024-06-13 17:38:39,210.consumer_bag.INFO Received baggage data: ('Angel Medina', 'BG6305', 'Checked-in')
2024-06-13 17:38:41,214.consumer_bag.INFO Received baggage data: ('Timothy Weiss', 'BG0848', 'Checked-in')
2024-06-13 17:38:43,240.consumer_bag.INFO Received baggage data: ('Tammy Wood', 'BG5686', 'Checked-in')
2024-06-13 17:38:45,265.consumer_bag.INFO Received baggage data: ('Megan Waters', 'BG2117', 'Unloaded')
2024-06-13 17:38:47,298.consumer_bag.INFO Received baggage data: ('Michael Williams', 'BG0661', 'Unloaded')
2024-06-13 17:38:49,309.consumer_bag.INFO Received baggage data: ('Wesley Lopez', 'BG3628', 'Checked-in')
2024-06-13 17:38:51,314.consumer_bag.INFO Received baggage data: ('Lisa Payne', 'BG6041', 'Unloaded')
2024-06-13 17:38:53,321.consumer_bag.INFO Received baggage data: ('Scott Ruiz', 'BG7092', 'Checked-in')
2024-06-13 17:38:55,370.consumer_bag.INFO Received baggage data: ('Veronica Joyce', 'BG8061', 'Loaded')
2024-06-13 17:38:57,376.consumer_bag.INFO Received baggage data: ('Francis Johnson', 'BG8356', 'Unloaded')
2024-06-13 17:38:59,381.consumer_bag.INFO Received baggage data: ('Holly James', 'BG2297', 'Unloaded')
2024-06-13 17:39:01,391.consumer_bag.INFO Received baggage data: ('John Mendoza', 'BG6402', 'Checked-in')
2024-06-13 17:39:03,404.consumer_bag.INFO Received baggage data: ('Holly Evans', 'BG8744', 'Delivered')
2024-06-13 17:39:03,405.consumer_bag.INFO  [alert] BG8744 => BAGGAGE FOR: Holly Evans is Delivered!!!
2024-06-13 17:39:05,408.consumer_bag.INFO Received baggage data: ('Brian King', 'BG5552', 'Loaded')
2024-06-13 17:39:07,415.consumer_bag.INFO Received baggage data: ('Kevin Wright', 'BG2637', 'Checked-in')
2024-06-13 17:39:09,448.consumer_bag.INFO Received baggage data: ('Kimberly Davidson', 'BG0871', 'Checked-in')
2024-06-13 17:39:11,452.consumer_bag.INFO Received baggage data: ('Tyler Coleman', 'BG5966', 'Checked-in')
2024-06-13 17:39:13,462.consumer_bag.INFO Received baggage data: ('Austin Young', 'BG0764', 'Delivered')
2024-06-13 17:39:13,462.consumer_bag.INFO  [alert] BG0764 => BAGGAGE FOR: Austin Young is Delivered!!!
2024-06-13 17:39:15,464.consumer_bag.INFO Received baggage data: ('Amanda Roach', 'BG3130', 'Checked-in')
2024-06-13 17:39:17,470.consumer_bag.INFO Received baggage data: ('Darlene Campbell', 'BG8310', 'Checked-in')
2024-06-13 17:39:19,473.consumer_bag.INFO Received baggage data: ('Elizabeth Payne', 'BG8337', 'Checked-in')
2024-06-13 17:39:21,480.consumer_bag.INFO Received baggage data: ('Joshua Garcia', 'BG9865', 'Delivered')
2024-06-13 17:39:21,481.consumer_bag.INFO  [alert] BG9865 => BAGGAGE FOR: Joshua Garcia is Delivered!!!
2024-06-13 17:39:23,486.consumer_bag.INFO Received baggage data: ('Jason Smith', 'BG5223', 'Delivered')
2024-06-13 17:39:23,489.consumer_bag.INFO  [alert] BG5223 => BAGGAGE FOR: Jason Smith is Delivered!!!
2024-06-13 17:39:25,494.consumer_bag.INFO Received baggage data: ('Katherine Smith', 'BG5495', 'Checked-in')
2024-06-13 17:39:27,498.consumer_bag.INFO Received baggage data: ('Roy Massey', 'BG5591', 'Checked-in')
2024-06-13 17:39:29,500.consumer_bag.INFO Received baggage data: ('Dana Gallagher', 'BG8735', 'Loaded')
2024-06-13 17:39:31,506.consumer_bag.INFO Received baggage data: ('Jessica Herrera', 'BG1459', 'Delivered')
2024-06-13 17:39:31,507.consumer_bag.INFO  [alert] BG1459 => BAGGAGE FOR: Jessica Herrera is Delivered!!!
2024-06-13 17:39:33,528.consumer_bag.INFO Received baggage data: ('Micheal Torres', 'BG4524', 'Checked-in')
2024-06-13 17:39:35,540.consumer_bag.INFO Received baggage data: ('Aaron Perry', 'BG7295', 'Loaded')
2024-06-13 17:39:37,541.consumer_bag.INFO Received baggage data: ('Randall Miller', 'BG1050', 'Unloaded')
2024-06-13 17:39:39,545.consumer_bag.INFO Received baggage data: ('Crystal Medina', 'BG9539', 'Loaded')
2024-06-13 17:39:41,548.consumer_bag.INFO Received baggage data: ('James King', 'BG8329', 'Loaded')
2024-06-13 17:39:43,565.consumer_bag.INFO Received baggage data: ('Tiffany Hoffman', 'BG2432', 'Delivered')
2024-06-13 17:39:43,571.consumer_bag.INFO  [alert] BG2432 => BAGGAGE FOR: Tiffany Hoffman is Delivered!!!
2024-06-13 17:39:45,571.consumer_bag.INFO Received baggage data: ('Christina Harmon', 'BG3974', 'Delivered')
2024-06-13 17:39:45,571.consumer_bag.INFO  [alert] BG3974 => BAGGAGE FOR: Christina Harmon is Delivered!!!
2024-06-13 17:39:47,575.consumer_bag.INFO Received baggage data: ('Danielle Smith', 'BG5179', 'Delivered')
2024-06-13 17:39:47,575.consumer_bag.INFO  [alert] BG5179 => BAGGAGE FOR: Danielle Smith is Delivered!!!
2024-06-13 17:39:49,579.consumer_bag.INFO Received baggage data: ('Angela Avila', 'BG9400', 'Checked-in')
2024-06-13 17:39:51,582.consumer_bag.INFO Received baggage data: ('Benjamin Sanford', 'BG8603', 'Delivered')
2024-06-13 17:39:51,584.consumer_bag.INFO  [alert] BG8603 => BAGGAGE FOR: Benjamin Sanford is Delivered!!!
2024-06-13 17:39:53,589.consumer_bag.INFO Received baggage data: ('Sheri Vega', 'BG3154', 'Unloaded')
2024-06-13 17:39:55,593.consumer_bag.INFO Received baggage data: ('Corey Green', 'BG5821', 'Checked-in')
2024-06-13 17:39:57,597.consumer_bag.INFO Received baggage data: ('Darryl Nguyen', 'BG1353', 'Loaded')
2024-06-13 17:39:59,603.consumer_bag.INFO Received baggage data: ('John Brooks', 'BG2905', 'Loaded')
2024-06-13 17:40:01,612.consumer_bag.INFO Received baggage data: ('Elizabeth Lee', 'BG6076', 'Delivered')
2024-06-13 17:40:01,613.consumer_bag.INFO  [alert] BG6076 => BAGGAGE FOR: Elizabeth Lee is Delivered!!!
2024-06-13 17:40:03,616.consumer_bag.INFO Received baggage data: ('Michael Davenport', 'BG5566', 'Checked-in')
2024-06-13 17:40:05,620.consumer_bag.INFO Received baggage data: ('Jason Reed', 'BG5745', 'Loaded')
2024-06-13 17:40:07,625.consumer_bag.INFO Received baggage data: ('Matthew Garcia', 'BG7733', 'Checked-in')
2024-06-13 17:40:09,629.consumer_bag.INFO Received baggage data: ('Scott Sellers', 'BG7278', 'Checked-in')
2024-06-13 17:40:11,639.consumer_bag.INFO Received baggage data: ('Amy Allen', 'BG3095', 'Loaded')
2024-06-13 17:40:13,641.consumer_bag.INFO Received baggage data: ('James Terrell', 'BG9779', 'Loaded')
2024-06-13 17:40:15,647.consumer_bag.INFO Received baggage data: ('Mary Knox', 'BG3286', 'Loaded')
2024-06-13 17:40:17,697.consumer_bag.INFO Received baggage data: ('Mary Ford', 'BG6649', 'Unloaded')
2024-06-13 17:40:19,718.consumer_bag.INFO Received baggage data: ('Anna Clark', 'BG2999', 'Loaded')
2024-06-13 17:40:21,721.consumer_bag.INFO Received baggage data: ('Anthony Edwards', 'BG5906', 'Unloaded')
2024-06-13 17:40:23,723.consumer_bag.INFO Received baggage data: ('Kenneth Torres', 'BG0349', 'Delivered')
2024-06-13 17:40:23,724.consumer_bag.INFO  [alert] BG0349 => BAGGAGE FOR: Kenneth Torres is Delivered!!!
2024-06-13 17:40:25,730.consumer_bag.INFO Received baggage data: ('Brooke Williams', 'BG6645', 'Checked-in')
2024-06-13 17:40:27,732.consumer_bag.INFO Received baggage data: ('Monica Brown', 'BG7115', 'Checked-in')
